<?xml version="1.0" encoding="UTF-8" standalone="yes"?><!DOCTYPE report PUBLIC "-//JACOCO//DTD Report 1.0//EN" "report.dtd"><report name="calories-tracker Maven Webapp"><sessioninfo id="Rafaels-MacBook-Pro.local-391e6284" start="1502212804039" dump="1502212816938"/><package name="calories/tracker/app/dto/serialization"><class name="calories/tracker/app/dto/serialization/CustomTimeDeserializer"><method name="&lt;init&gt;" desc="()V" line="20"><counter type="INSTRUCTION" missed="0" covered="3"/><counter type="LINE" missed="0" covered="1"/><counter type="COMPLEXITY" missed="0" covered="1"/><counter type="METHOD" missed="0" covered="1"/></method><method name="deserialize" desc="(Lcom/fasterxml/jackson/core/JsonParser;Lcom/fasterxml/jackson/databind/DeserializationContext;)Ljava/sql/Time;" line="26"><counter type="INSTRUCTION" missed="6" covered="39"/><counter type="LINE" missed="2" covered="7"/><counter type="COMPLEXITY" missed="0" covered="1"/><counter type="METHOD" missed="0" covered="1"/></method><method name="&lt;clinit&gt;" desc="()V" line="22"><counter type="INSTRUCTION" missed="0" covered="4"/><counter type="LINE" missed="0" covered="1"/><counter type="COMPLEXITY" missed="0" covered="1"/><counter type="METHOD" missed="0" covered="1"/></method><counter type="INSTRUCTION" missed="6" covered="46"/><counter type="LINE" missed="2" covered="9"/><counter type="COMPLEXITY" missed="0" covered="3"/><counter type="METHOD" missed="0" covered="3"/><counter type="CLASS" missed="0" covered="1"/></class><class name="calories/tracker/app/dto/serialization/CustomTimeSerializer"><method name="&lt;init&gt;" desc="()V" line="18"><counter type="INSTRUCTION" missed="0" covered="3"/><counter type="LINE" missed="0" covered="1"/><counter type="COMPLEXITY" missed="0" covered="1"/><counter type="METHOD" missed="0" covered="1"/></method><method name="serialize" desc="(Ljava/sql/Time;Lcom/fasterxml/jackson/core/JsonGenerator;Lcom/fasterxml/jackson/databind/SerializerProvider;)V" line="24"><counter type="INSTRUCTION" missed="0" covered="11"/><counter type="LINE" missed="0" covered="3"/><counter type="COMPLEXITY" missed="0" covered="1"/><counter type="METHOD" missed="0" covered="1"/></method><counter type="INSTRUCTION" missed="0" covered="14"/><counter type="LINE" missed="0" covered="4"/><counter type="COMPLEXITY" missed="0" covered="2"/><counter type="METHOD" missed="0" covered="2"/><counter type="CLASS" missed="0" covered="1"/></class><class name="calories/tracker/app/dto/serialization/TimeDeserializationException"><method name="&lt;init&gt;" desc="(Ljava/lang/Throwable;)V" line="14"><counter type="INSTRUCTION" missed="4" covered="0"/><counter type="LINE" missed="2" covered="0"/><counter type="COMPLEXITY" missed="1" covered="0"/><counter type="METHOD" missed="1" covered="0"/></method><counter type="INSTRUCTION" missed="4" covered="0"/><counter type="LINE" missed="2" covered="0"/><counter type="COMPLEXITY" missed="1" covered="0"/><counter type="METHOD" missed="1" covered="0"/><counter type="CLASS" missed="1" covered="0"/></class><sourcefile name="CustomTimeSerializer.java"><line nr="18" mi="0" ci="3" mb="0" cb="0"/><line nr="24" mi="0" ci="5" mb="0" cb="0"/><line nr="25" mi="0" ci="5" mb="0" cb="0"/><line nr="26" mi="0" ci="1" mb="0" cb="0"/><counter type="INSTRUCTION" missed="0" covered="14"/><counter type="LINE" missed="0" covered="4"/><counter type="COMPLEXITY" missed="0" covered="2"/><counter type="METHOD" missed="0" covered="2"/><counter type="CLASS" missed="0" covered="1"/></sourcefile><sourcefile name="TimeDeserializationException.java"><line nr="14" mi="3" ci="0" mb="0" cb="0"/><line nr="15" mi="1" ci="0" mb="0" cb="0"/><counter type="INSTRUCTION" missed="4" covered="0"/><counter type="LINE" missed="2" covered="0"/><counter type="COMPLEXITY" missed="1" covered="0"/><counter type="METHOD" missed="1" covered="0"/><counter type="CLASS" missed="1" covered="0"/></sourcefile><sourcefile name="CustomTimeDeserializer.java"><line nr="20" mi="0" ci="3" mb="0" cb="0"/><line nr="22" mi="0" ci="4" mb="0" cb="0"/><line nr="26" mi="0" ci="5" mb="0" cb="0"/><line nr="27" mi="0" ci="2" mb="0" cb="0"/><line nr="29" mi="0" ci="11" mb="0" cb="0"/><line nr="30" mi="0" ci="12" mb="0" cb="0"/><line nr="31" mi="0" ci="6" mb="0" cb="0"/><line nr="32" mi="1" ci="0" mb="0" cb="0"/><line nr="33" mi="5" ci="0" mb="0" cb="0"/><line nr="34" mi="0" ci="1" mb="0" cb="0"/><line nr="35" mi="0" ci="2" mb="0" cb="0"/><counter type="INSTRUCTION" missed="6" covered="46"/><counter type="LINE" missed="2" covered="9"/><counter type="COMPLEXITY" missed="0" covered="3"/><counter type="METHOD" missed="0" covered="3"/><counter type="CLASS" missed="0" covered="1"/></sourcefile><counter type="INSTRUCTION" missed="10" covered="60"/><counter type="LINE" missed="4" covered="13"/><counter type="COMPLEXITY" missed="1" covered="5"/><counter type="METHOD" missed="1" covered="5"/><counter type="CLASS" missed="1" covered="2"/></package><package name="calories/tracker/app/security"><class name="calories/tracker/app/security/SecurityUserDetailsService"><method name="&lt;init&gt;" desc="()V" line="24"><counter type="INSTRUCTION" missed="0" covered="3"/><counter type="LINE" missed="0" covered="1"/><counter type="COMPLEXITY" missed="0" covered="1"/><counter type="METHOD" missed="0" covered="1"/></method><method name="loadUserByUsername" desc="(Ljava/lang/String;)Lorg/springframework/security/core/userdetails/UserDetails;" line="33"><counter type="INSTRUCTION" missed="53" covered="0"/><counter type="BRANCH" missed="2" covered="0"/><counter type="LINE" missed="9" covered="0"/><counter type="COMPLEXITY" missed="2" covered="0"/><counter type="METHOD" missed="1" covered="0"/></method><method name="&lt;clinit&gt;" desc="()V" line="26"><counter type="INSTRUCTION" missed="0" covered="4"/><counter type="LINE" missed="0" covered="1"/><counter type="COMPLEXITY" missed="0" covered="1"/><counter type="METHOD" missed="0" covered="1"/></method><counter type="INSTRUCTION" missed="53" covered="7"/><counter type="BRANCH" missed="2" covered="0"/><counter type="LINE" missed="9" covered="2"/><counter type="COMPLEXITY" missed="2" covered="2"/><counter type="METHOD" missed="1" covered="2"/><counter type="CLASS" missed="0" covered="1"/></class><class name="calories/tracker/app/security/AjaxAuthenticationSuccessHandler"><method name="&lt;init&gt;" desc="(Lorg/springframework/security/web/authentication/AuthenticationSuccessHandler;)V" line="24"><counter type="INSTRUCTION" missed="6" covered="0"/><counter type="LINE" missed="3" covered="0"/><counter type="COMPLEXITY" missed="1" covered="0"/><counter type="METHOD" missed="1" covered="0"/></method><method name="onAuthenticationSuccess" desc="(Ljavax/servlet/http/HttpServletRequest;Ljavax/servlet/http/HttpServletResponse;Lorg/springframework/security/core/Authentication;)V" line="33"><counter type="INSTRUCTION" missed="21" covered="0"/><counter type="BRANCH" missed="2" covered="0"/><counter type="LINE" missed="5" covered="0"/><counter type="COMPLEXITY" missed="2" covered="0"/><counter type="METHOD" missed="1" covered="0"/></method><counter type="INSTRUCTION" missed="27" covered="0"/><counter type="BRANCH" missed="2" covered="0"/><counter type="LINE" missed="8" covered="0"/><counter type="COMPLEXITY" missed="3" covered="0"/><counter type="METHOD" missed="2" covered="0"/><counter type="CLASS" missed="1" covered="0"/></class><sourcefile name="SecurityUserDetailsService.java"><line nr="24" mi="0" ci="3" mb="0" cb="0"/><line nr="26" mi="0" ci="4" mb="0" cb="0"/><line nr="33" mi="5" ci="0" mb="0" cb="0"/><line nr="35" mi="2" ci="0" mb="2" cb="0"/><line nr="36" mi="9" ci="0" mb="0" cb="0"/><line nr="37" mi="3" ci="0" mb="0" cb="0"/><line nr="38" mi="5" ci="0" mb="0" cb="0"/><line nr="40" mi="4" ci="0" mb="0" cb="0"/><line nr="41" mi="7" ci="0" mb="0" cb="0"/><line nr="43" mi="10" ci="0" mb="0" cb="0"/><line nr="45" mi="8" ci="0" mb="0" cb="0"/><counter type="INSTRUCTION" missed="53" covered="7"/><counter type="BRANCH" missed="2" covered="0"/><counter type="LINE" missed="9" covered="2"/><counter type="COMPLEXITY" missed="2" covered="2"/><counter type="METHOD" missed="1" covered="2"/><counter type="CLASS" missed="0" covered="1"/></sourcefile><sourcefile name="AjaxAuthenticationSuccessHandler.java"><line nr="24" mi="2" ci="0" mb="0" cb="0"/><line nr="25" mi="3" ci="0" mb="0" cb="0"/><line nr="26" mi="1" ci="0" mb="0" cb="0"/><line nr="33" mi="6" ci="0" mb="2" cb="0"/><line nr="34" mi="4" ci="0" mb="0" cb="0"/><line nr="35" mi="4" ci="0" mb="0" cb="0"/><line nr="38" mi="6" ci="0" mb="0" cb="0"/><line nr="41" mi="1" ci="0" mb="0" cb="0"/><counter type="INSTRUCTION" missed="27" covered="0"/><counter type="BRANCH" missed="2" covered="0"/><counter type="LINE" missed="8" covered="0"/><counter type="COMPLEXITY" missed="3" covered="0"/><counter type="METHOD" missed="2" covered="0"/><counter type="CLASS" missed="1" covered="0"/></sourcefile><counter type="INSTRUCTION" missed="80" covered="7"/><counter type="BRANCH" missed="4" covered="0"/><counter type="LINE" missed="17" covered="2"/><counter type="COMPLEXITY" missed="5" covered="2"/><counter type="METHOD" missed="3" covered="2"/><counter type="CLASS" missed="1" covered="1"/></package><package name="calories/tracker/app/dto"><class name="calories/tracker/app/dto/NewUserDTO"><method name="&lt;init&gt;" desc="()V" line="14"><counter type="INSTRUCTION" missed="0" covered="3"/><counter type="LINE" missed="0" covered="2"/><counter type="COMPLEXITY" missed="0" covered="1"/><counter type="METHOD" missed="0" covered="1"/></method><method name="getUsername" desc="()Ljava/lang/String;" line="18"><counter type="INSTRUCTION" missed="0" covered="3"/><counter type="LINE" missed="0" covered="1"/><counter type="COMPLEXITY" missed="0" covered="1"/><counter type="METHOD" missed="0" covered="1"/></method><method name="setUsername" desc="(Ljava/lang/String;)V" line="22"><counter type="INSTRUCTION" missed="0" covered="4"/><counter type="LINE" missed="0" covered="2"/><counter type="COMPLEXITY" missed="0" covered="1"/><counter type="METHOD" missed="0" covered="1"/></method><method name="getEmail" desc="()Ljava/lang/String;" line="26"><counter type="INSTRUCTION" missed="0" covered="3"/><counter type="LINE" missed="0" covered="1"/><counter type="COMPLEXITY" missed="0" covered="1"/><counter type="METHOD" missed="0" covered="1"/></method><method name="setEmail" desc="(Ljava/lang/String;)V" line="30"><counter type="INSTRUCTION" missed="0" covered="4"/><counter type="LINE" missed="0" covered="2"/><counter type="COMPLEXITY" missed="0" covered="1"/><counter type="METHOD" missed="0" covered="1"/></method><method name="getPlainTextPassword" desc="()Ljava/lang/String;" line="34"><counter type="INSTRUCTION" missed="0" covered="3"/><counter type="LINE" missed="0" covered="1"/><counter type="COMPLEXITY" missed="0" covered="1"/><counter type="METHOD" missed="0" covered="1"/></method><method name="setPlainTextPassword" desc="(Ljava/lang/String;)V" line="38"><counter type="INSTRUCTION" missed="0" covered="4"/><counter type="LINE" missed="0" covered="2"/><counter type="COMPLEXITY" missed="0" covered="1"/><counter type="METHOD" missed="0" covered="1"/></method><counter type="INSTRUCTION" missed="0" covered="24"/><counter type="LINE" missed="0" covered="11"/><counter type="COMPLEXITY" missed="0" covered="7"/><counter type="METHOD" missed="0" covered="7"/><counter type="CLASS" missed="0" covered="1"/></class><class name="calories/tracker/app/dto/MealsDTO"><method name="&lt;init&gt;" desc="(JJLjava/util/List;)V" line="16"><counter type="INSTRUCTION" missed="0" covered="12"/><counter type="LINE" missed="0" covered="5"/><counter type="COMPLEXITY" missed="0" covered="1"/><counter type="METHOD" missed="0" covered="1"/></method><method name="getCurrentPage" desc="()J" line="23"><counter type="INSTRUCTION" missed="0" covered="3"/><counter type="LINE" missed="0" covered="1"/><counter type="COMPLEXITY" missed="0" covered="1"/><counter type="METHOD" missed="0" covered="1"/></method><method name="setCurrentPage" desc="(I)V" line="27"><counter type="INSTRUCTION" missed="5" covered="0"/><counter type="LINE" missed="2" covered="0"/><counter type="COMPLEXITY" missed="1" covered="0"/><counter type="METHOD" missed="1" covered="0"/></method><method name="getTotalPages" desc="()J" line="31"><counter type="INSTRUCTION" missed="0" covered="3"/><counter type="LINE" missed="0" covered="1"/><counter type="COMPLEXITY" missed="0" covered="1"/><counter type="METHOD" missed="0" covered="1"/></method><method name="setTotalPages" desc="(I)V" line="35"><counter type="INSTRUCTION" missed="5" covered="0"/><counter type="LINE" missed="2" covered="0"/><counter type="COMPLEXITY" missed="1" covered="0"/><counter type="METHOD" missed="1" covered="0"/></method><method name="getMeals" desc="()Ljava/util/List;" line="39"><counter type="INSTRUCTION" missed="0" covered="3"/><counter type="LINE" missed="0" covered="1"/><counter type="COMPLEXITY" missed="0" covered="1"/><counter type="METHOD" missed="0" covered="1"/></method><method name="setMeals" desc="(Ljava/util/List;)V" line="43"><counter type="INSTRUCTION" missed="4" covered="0"/><counter type="LINE" missed="2" covered="0"/><counter type="COMPLEXITY" missed="1" covered="0"/><counter type="METHOD" missed="1" covered="0"/></method><counter type="INSTRUCTION" missed="14" covered="21"/><counter type="LINE" missed="6" covered="8"/><counter type="COMPLEXITY" missed="3" covered="4"/><counter type="METHOD" missed="3" covered="4"/><counter type="CLASS" missed="0" covered="1"/></class><class name="calories/tracker/app/dto/MealDTO"><method name="&lt;init&gt;" desc="()V" line="35"><counter type="INSTRUCTION" missed="0" covered="3"/><counter type="LINE" missed="0" covered="2"/><counter type="COMPLEXITY" missed="0" covered="1"/><counter type="METHOD" missed="0" covered="1"/></method><method name="&lt;init&gt;" desc="(Ljava/lang/Long;Ljava/util/Date;Ljava/sql/Time;Ljava/lang/String;Ljava/lang/Long;)V" line="38"><counter type="INSTRUCTION" missed="0" covered="18"/><counter type="LINE" missed="0" covered="7"/><counter type="COMPLEXITY" missed="0" covered="1"/><counter type="METHOD" missed="0" covered="1"/></method><method name="mapFromMealEntity" desc="(Lcalories/tracker/app/model/Meal;)Lcalories/tracker/app/dto/MealDTO;" line="47"><counter type="INSTRUCTION" missed="0" covered="14"/><counter type="LINE" missed="0" covered="2"/><counter type="COMPLEXITY" missed="0" covered="1"/><counter type="METHOD" missed="0" covered="1"/></method><method name="mapFromMealsEntities" desc="(Ljava/util/List;)Ljava/util/List;" line="52"><counter type="INSTRUCTION" missed="0" covered="8"/><counter type="LINE" missed="0" covered="1"/><counter type="COMPLEXITY" missed="0" covered="1"/><counter type="METHOD" missed="0" covered="1"/></method><method name="getId" desc="()Ljava/lang/Long;" line="56"><counter type="INSTRUCTION" missed="0" covered="3"/><counter type="LINE" missed="0" covered="1"/><counter type="COMPLEXITY" missed="0" covered="1"/><counter type="METHOD" missed="0" covered="1"/></method><method name="setId" desc="(Ljava/lang/Long;)V" line="60"><counter type="INSTRUCTION" missed="0" covered="4"/><counter type="LINE" missed="0" covered="2"/><counter type="COMPLEXITY" missed="0" covered="1"/><counter type="METHOD" missed="0" covered="1"/></method><method name="getDate" desc="()Ljava/util/Date;" line="64"><counter type="INSTRUCTION" missed="0" covered="3"/><counter type="LINE" missed="0" covered="1"/><counter type="COMPLEXITY" missed="0" covered="1"/><counter type="METHOD" missed="0" covered="1"/></method><method name="setDate" desc="(Ljava/util/Date;)V" line="68"><counter type="INSTRUCTION" missed="0" covered="4"/><counter type="LINE" missed="0" covered="2"/><counter type="COMPLEXITY" missed="0" covered="1"/><counter type="METHOD" missed="0" covered="1"/></method><method name="getTime" desc="()Ljava/sql/Time;" line="72"><counter type="INSTRUCTION" missed="0" covered="3"/><counter type="LINE" missed="0" covered="1"/><counter type="COMPLEXITY" missed="0" covered="1"/><counter type="METHOD" missed="0" covered="1"/></method><method name="setTime" desc="(Ljava/sql/Time;)V" line="76"><counter type="INSTRUCTION" missed="0" covered="4"/><counter type="LINE" missed="0" covered="2"/><counter type="COMPLEXITY" missed="0" covered="1"/><counter type="METHOD" missed="0" covered="1"/></method><method name="getDescription" desc="()Ljava/lang/String;" line="80"><counter type="INSTRUCTION" missed="0" covered="3"/><counter type="LINE" missed="0" covered="1"/><counter type="COMPLEXITY" missed="0" covered="1"/><counter type="METHOD" missed="0" covered="1"/></method><method name="setDescription" desc="(Ljava/lang/String;)V" line="84"><counter type="INSTRUCTION" missed="0" covered="4"/><counter type="LINE" missed="0" covered="2"/><counter type="COMPLEXITY" missed="0" covered="1"/><counter type="METHOD" missed="0" covered="1"/></method><method name="getCalories" desc="()Ljava/lang/Long;" line="88"><counter type="INSTRUCTION" missed="0" covered="3"/><counter type="LINE" missed="0" covered="1"/><counter type="COMPLEXITY" missed="0" covered="1"/><counter type="METHOD" missed="0" covered="1"/></method><method name="setCalories" desc="(Ljava/lang/Long;)V" line="92"><counter type="INSTRUCTION" missed="0" covered="4"/><counter type="LINE" missed="0" covered="2"/><counter type="COMPLEXITY" missed="0" covered="1"/><counter type="METHOD" missed="0" covered="1"/></method><method name="lambda$mapFromMealsEntities$0" desc="(Lcalories/tracker/app/model/Meal;)Lcalories/tracker/app/dto/MealDTO;" line="52"><counter type="INSTRUCTION" missed="0" covered="3"/><counter type="LINE" missed="0" covered="1"/><counter type="COMPLEXITY" missed="0" covered="1"/><counter type="METHOD" missed="0" covered="1"/></method><counter type="INSTRUCTION" missed="0" covered="81"/><counter type="LINE" missed="0" covered="27"/><counter type="COMPLEXITY" missed="0" covered="15"/><counter type="METHOD" missed="0" covered="15"/><counter type="CLASS" missed="0" covered="1"/></class><class name="calories/tracker/app/dto/UserInfoDTO"><method name="&lt;init&gt;" desc="(Ljava/lang/String;Ljava/lang/Long;Ljava/lang/Long;)V" line="14"><counter type="INSTRUCTION" missed="12" covered="0"/><counter type="LINE" missed="5" covered="0"/><counter type="COMPLEXITY" missed="1" covered="0"/><counter type="METHOD" missed="1" covered="0"/></method><method name="getMaxCaloriesPerDay" desc="()Ljava/lang/Long;" line="21"><counter type="INSTRUCTION" missed="3" covered="0"/><counter type="LINE" missed="1" covered="0"/><counter type="COMPLEXITY" missed="1" covered="0"/><counter type="METHOD" missed="1" covered="0"/></method><method name="setMaxCaloriesPerDay" desc="(Ljava/lang/Long;)V" line="25"><counter type="INSTRUCTION" missed="4" covered="0"/><counter type="LINE" missed="2" covered="0"/><counter type="COMPLEXITY" missed="1" covered="0"/><counter type="METHOD" missed="1" covered="0"/></method><method name="getTodaysCalories" desc="()Ljava/lang/Long;" line="29"><counter type="INSTRUCTION" missed="3" covered="0"/><counter type="LINE" missed="1" covered="0"/><counter type="COMPLEXITY" missed="1" covered="0"/><counter type="METHOD" missed="1" covered="0"/></method><method name="setTodaysCalories" desc="(Ljava/lang/Long;)V" line="33"><counter type="INSTRUCTION" missed="4" covered="0"/><counter type="LINE" missed="2" covered="0"/><counter type="COMPLEXITY" missed="1" covered="0"/><counter type="METHOD" missed="1" covered="0"/></method><method name="getUserName" desc="()Ljava/lang/String;" line="37"><counter type="INSTRUCTION" missed="3" covered="0"/><counter type="LINE" missed="1" covered="0"/><counter type="COMPLEXITY" missed="1" covered="0"/><counter type="METHOD" missed="1" covered="0"/></method><method name="setUserName" desc="(Ljava/lang/String;)V" line="41"><counter type="INSTRUCTION" missed="4" covered="0"/><counter type="LINE" missed="2" covered="0"/><counter type="COMPLEXITY" missed="1" covered="0"/><counter type="METHOD" missed="1" covered="0"/></method><counter type="INSTRUCTION" missed="33" covered="0"/><counter type="LINE" missed="14" covered="0"/><counter type="COMPLEXITY" missed="7" covered="0"/><counter type="METHOD" missed="7" covered="0"/><counter type="CLASS" missed="1" covered="0"/></class><sourcefile name="UserInfoDTO.java"><line nr="14" mi="2" ci="0" mb="0" cb="0"/><line nr="15" mi="3" ci="0" mb="0" cb="0"/><line nr="16" mi="3" ci="0" mb="0" cb="0"/><line nr="17" mi="3" ci="0" mb="0" cb="0"/><line nr="18" mi="1" ci="0" mb="0" cb="0"/><line nr="21" mi="3" ci="0" mb="0" cb="0"/><line nr="25" mi="3" ci="0" mb="0" cb="0"/><line nr="26" mi="1" ci="0" mb="0" cb="0"/><line nr="29" mi="3" ci="0" mb="0" cb="0"/><line nr="33" mi="3" ci="0" mb="0" cb="0"/><line nr="34" mi="1" ci="0" mb="0" cb="0"/><line nr="37" mi="3" ci="0" mb="0" cb="0"/><line nr="41" mi="3" ci="0" mb="0" cb="0"/><line nr="42" mi="1" ci="0" mb="0" cb="0"/><counter type="INSTRUCTION" missed="33" covered="0"/><counter type="LINE" missed="14" covered="0"/><counter type="COMPLEXITY" missed="7" covered="0"/><counter type="METHOD" missed="7" covered="0"/><counter type="CLASS" missed="1" covered="0"/></sourcefile><sourcefile name="MealDTO.java"><line nr="35" mi="0" ci="2" mb="0" cb="0"/><line nr="36" mi="0" ci="1" mb="0" cb="0"/><line nr="38" mi="0" ci="2" mb="0" cb="0"/><line nr="39" mi="0" ci="3" mb="0" cb="0"/><line nr="40" mi="0" ci="3" mb="0" cb="0"/><line nr="41" mi="0" ci="3" mb="0" cb="0"/><line nr="42" mi="0" ci="3" mb="0" cb="0"/><line nr="43" mi="0" ci="3" mb="0" cb="0"/><line nr="44" mi="0" ci="1" mb="0" cb="0"/><line nr="47" mi="0" ci="9" mb="0" cb="0"/><line nr="48" mi="0" ci="5" mb="0" cb="0"/><line nr="52" mi="0" ci="11" mb="0" cb="0"/><line nr="56" mi="0" ci="3" mb="0" cb="0"/><line nr="60" mi="0" ci="3" mb="0" cb="0"/><line nr="61" mi="0" ci="1" mb="0" cb="0"/><line nr="64" mi="0" ci="3" mb="0" cb="0"/><line nr="68" mi="0" ci="3" mb="0" cb="0"/><line nr="69" mi="0" ci="1" mb="0" cb="0"/><line nr="72" mi="0" ci="3" mb="0" cb="0"/><line nr="76" mi="0" ci="3" mb="0" cb="0"/><line nr="77" mi="0" ci="1" mb="0" cb="0"/><line nr="80" mi="0" ci="3" mb="0" cb="0"/><line nr="84" mi="0" ci="3" mb="0" cb="0"/><line nr="85" mi="0" ci="1" mb="0" cb="0"/><line nr="88" mi="0" ci="3" mb="0" cb="0"/><line nr="92" mi="0" ci="3" mb="0" cb="0"/><line nr="93" mi="0" ci="1" mb="0" cb="0"/><counter type="INSTRUCTION" missed="0" covered="81"/><counter type="LINE" missed="0" covered="27"/><counter type="COMPLEXITY" missed="0" covered="15"/><counter type="METHOD" missed="0" covered="15"/><counter type="CLASS" missed="0" covered="1"/></sourcefile><sourcefile name="MealsDTO.java"><line nr="16" mi="0" ci="2" mb="0" cb="0"/><line nr="17" mi="0" ci="3" mb="0" cb="0"/><line nr="18" mi="0" ci="3" mb="0" cb="0"/><line nr="19" mi="0" ci="3" mb="0" cb="0"/><line nr="20" mi="0" ci="1" mb="0" cb="0"/><line nr="23" mi="0" ci="3" mb="0" cb="0"/><line nr="27" mi="4" ci="0" mb="0" cb="0"/><line nr="28" mi="1" ci="0" mb="0" cb="0"/><line nr="31" mi="0" ci="3" mb="0" cb="0"/><line nr="35" mi="4" ci="0" mb="0" cb="0"/><line nr="36" mi="1" ci="0" mb="0" cb="0"/><line nr="39" mi="0" ci="3" mb="0" cb="0"/><line nr="43" mi="3" ci="0" mb="0" cb="0"/><line nr="44" mi="1" ci="0" mb="0" cb="0"/><counter type="INSTRUCTION" missed="14" covered="21"/><counter type="LINE" missed="6" covered="8"/><counter type="COMPLEXITY" missed="3" covered="4"/><counter type="METHOD" missed="3" covered="4"/><counter type="CLASS" missed="0" covered="1"/></sourcefile><sourcefile name="NewUserDTO.java"><line nr="14" mi="0" ci="2" mb="0" cb="0"/><line nr="15" mi="0" ci="1" mb="0" cb="0"/><line nr="18" mi="0" ci="3" mb="0" cb="0"/><line nr="22" mi="0" ci="3" mb="0" cb="0"/><line nr="23" mi="0" ci="1" mb="0" cb="0"/><line nr="26" mi="0" ci="3" mb="0" cb="0"/><line nr="30" mi="0" ci="3" mb="0" cb="0"/><line nr="31" mi="0" ci="1" mb="0" cb="0"/><line nr="34" mi="0" ci="3" mb="0" cb="0"/><line nr="38" mi="0" ci="3" mb="0" cb="0"/><line nr="39" mi="0" ci="1" mb="0" cb="0"/><counter type="INSTRUCTION" missed="0" covered="24"/><counter type="LINE" missed="0" covered="11"/><counter type="COMPLEXITY" missed="0" covered="7"/><counter type="METHOD" missed="0" covered="7"/><counter type="CLASS" missed="0" covered="1"/></sourcefile><counter type="INSTRUCTION" missed="47" covered="126"/><counter type="LINE" missed="20" covered="46"/><counter type="COMPLEXITY" missed="10" covered="26"/><counter type="METHOD" missed="10" covered="26"/><counter type="CLASS" missed="1" covered="3"/></package><package name="calories/tracker/app/dao"><class name="calories/tracker/app/dao/UserRepository"><method name="&lt;init&gt;" desc="()V" line="17"><counter type="INSTRUCTION" missed="0" covered="3"/><counter type="LINE" missed="0" covered="1"/><counter type="COMPLEXITY" missed="0" covered="1"/><counter type="METHOD" missed="0" covered="1"/></method><method name="findUserByUsername" desc="(Ljava/lang/String;)Lcalories/tracker/app/model/User;" line="30"><counter type="INSTRUCTION" missed="1" covered="20"/><counter type="BRANCH" missed="1" covered="1"/><counter type="LINE" missed="0" covered="4"/><counter type="COMPLEXITY" missed="1" covered="1"/><counter type="METHOD" missed="0" covered="1"/></method><method name="findTodaysCaloriesForUser" desc="(Ljava/lang/String;)Ljava/lang/Long;" line="45"><counter type="INSTRUCTION" missed="10" covered="0"/><counter type="LINE" missed="1" covered="0"/><counter type="COMPLEXITY" missed="1" covered="0"/><counter type="METHOD" missed="1" covered="0"/></method><method name="save" desc="(Lcalories/tracker/app/model/User;)V" line="55"><counter type="INSTRUCTION" missed="0" covered="6"/><counter type="LINE" missed="0" covered="2"/><counter type="COMPLEXITY" missed="0" covered="1"/><counter type="METHOD" missed="0" covered="1"/></method><method name="isUsernameAvailable" desc="(Ljava/lang/String;)Z" line="66"><counter type="INSTRUCTION" missed="0" covered="13"/><counter type="LINE" missed="0" covered="4"/><counter type="COMPLEXITY" missed="0" covered="1"/><counter type="METHOD" missed="0" covered="1"/></method><counter type="INSTRUCTION" missed="11" covered="42"/><counter type="BRANCH" missed="1" covered="1"/><counter type="LINE" missed="1" covered="11"/><counter type="COMPLEXITY" missed="2" covered="4"/><counter type="METHOD" missed="1" covered="4"/><counter type="CLASS" missed="0" covered="1"/></class><class name="calories/tracker/app/dao/MealRepository"><method name="&lt;init&gt;" desc="()V" line="24"><counter type="INSTRUCTION" missed="0" covered="3"/><counter type="LINE" missed="0" covered="1"/><counter type="COMPLEXITY" missed="0" covered="1"/><counter type="METHOD" missed="0" covered="1"/></method><method name="countMealsByDateTime" desc="(Ljava/lang/String;Ljava/util/Date;Ljava/util/Date;Ljava/sql/Time;Ljava/sql/Time;)Ljava/lang/Long;" line="44"><counter type="INSTRUCTION" missed="0" covered="51"/><counter type="LINE" missed="0" covered="8"/><counter type="COMPLEXITY" missed="0" covered="1"/><counter type="METHOD" missed="0" covered="1"/></method><method name="findMealsByDateTime" desc="(Ljava/lang/String;Ljava/util/Date;Ljava/util/Date;Ljava/sql/Time;Ljava/sql/Time;I)Ljava/util/List;" line="72"><counter type="INSTRUCTION" missed="0" covered="68"/><counter type="LINE" missed="0" covered="13"/><counter type="COMPLEXITY" missed="0" covered="1"/><counter type="METHOD" missed="0" covered="1"/></method><method name="delete" desc="(Ljava/lang/Long;)V" line="98"><counter type="INSTRUCTION" missed="0" covered="12"/><counter type="LINE" missed="0" covered="3"/><counter type="COMPLEXITY" missed="0" covered="1"/><counter type="METHOD" missed="0" covered="1"/></method><method name="findMealById" desc="(Ljava/lang/Long;)Lcalories/tracker/app/model/Meal;" line="108"><counter type="INSTRUCTION" missed="0" covered="7"/><counter type="LINE" missed="0" covered="1"/><counter type="COMPLEXITY" missed="0" covered="1"/><counter type="METHOD" missed="0" covered="1"/></method><method name="save" desc="(Lcalories/tracker/app/model/Meal;)Lcalories/tracker/app/model/Meal;" line="117"><counter type="INSTRUCTION" missed="6" covered="0"/><counter type="LINE" missed="1" covered="0"/><counter type="COMPLEXITY" missed="1" covered="0"/><counter type="METHOD" missed="1" covered="0"/></method><method name="getCommonWhereCondition" desc="(Ljavax/persistence/criteria/CriteriaBuilder;Ljava/lang/String;Ljavax/persistence/criteria/Root;Ljava/util/Date;Ljava/util/Date;Ljava/sql/Time;Ljava/sql/Time;)[Ljavax/persistence/criteria/Predicate;" line="124"><counter type="INSTRUCTION" missed="0" covered="65"/><counter type="BRANCH" missed="1" covered="5"/><counter type="LINE" missed="0" covered="11"/><counter type="COMPLEXITY" missed="1" covered="3"/><counter type="METHOD" missed="0" covered="1"/></method><method name="&lt;clinit&gt;" desc="()V" line="26"><counter type="INSTRUCTION" missed="0" covered="4"/><counter type="LINE" missed="0" covered="1"/><counter type="COMPLEXITY" missed="0" covered="1"/><counter type="METHOD" missed="0" covered="1"/></method><counter type="INSTRUCTION" missed="6" covered="210"/><counter type="BRANCH" missed="1" covered="5"/><counter type="LINE" missed="1" covered="38"/><counter type="COMPLEXITY" missed="2" covered="9"/><counter type="METHOD" missed="1" covered="7"/><counter type="CLASS" missed="0" covered="1"/></class><sourcefile name="UserRepository.java"><line nr="17" mi="0" ci="3" mb="0" cb="0"/><line nr="30" mi="0" ci="7" mb="0" cb="0"/><line nr="31" mi="0" ci="1" mb="0" cb="0"/><line nr="32" mi="0" ci="2" mb="0" cb="0"/><line nr="34" mi="1" ci="10" mb="1" cb="1"/><line nr="45" mi="10" ci="0" mb="0" cb="0"/><line nr="55" mi="0" ci="5" mb="0" cb="0"/><line nr="56" mi="0" ci="1" mb="0" cb="0"/><line nr="66" mi="0" ci="7" mb="0" cb="0"/><line nr="67" mi="0" ci="1" mb="0" cb="0"/><line nr="68" mi="0" ci="2" mb="0" cb="0"/><line nr="70" mi="0" ci="3" mb="0" cb="0"/><counter type="INSTRUCTION" missed="11" covered="42"/><counter type="BRANCH" missed="1" covered="1"/><counter type="LINE" missed="1" covered="11"/><counter type="COMPLEXITY" missed="2" covered="4"/><counter type="METHOD" missed="1" covered="4"/><counter type="CLASS" missed="0" covered="1"/></sourcefile><sourcefile name="MealRepository.java"><line nr="24" mi="0" ci="3" mb="0" cb="0"/><line nr="26" mi="0" ci="4" mb="0" cb="0"/><line nr="44" mi="0" ci="4" mb="0" cb="0"/><line nr="47" mi="0" ci="4" mb="0" cb="0"/><line nr="48" mi="0" ci="4" mb="0" cb="0"/><line nr="49" mi="0" ci="6" mb="0" cb="0"/><line nr="50" mi="0" ci="12" mb="0" cb="0"/><line nr="51" mi="0" ci="7" mb="0" cb="0"/><line nr="53" mi="0" ci="12" mb="0" cb="0"/><line nr="55" mi="0" ci="2" mb="0" cb="0"/><line nr="72" mi="0" ci="4" mb="0" cb="0"/><line nr="75" mi="0" ci="4" mb="0" cb="0"/><line nr="76" mi="0" ci="4" mb="0" cb="0"/><line nr="77" mi="0" ci="4" mb="0" cb="0"/><line nr="78" mi="0" ci="12" mb="0" cb="0"/><line nr="80" mi="0" ci="4" mb="0" cb="0"/><line nr="81" mi="0" ci="8" mb="0" cb="0"/><line nr="82" mi="0" ci="8" mb="0" cb="0"/><line nr="83" mi="0" ci="4" mb="0" cb="0"/><line nr="85" mi="0" ci="9" mb="0" cb="0"/><line nr="86" mi="0" ci="2" mb="0" cb="0"/><line nr="87" mi="0" ci="2" mb="0" cb="0"/><line nr="89" mi="0" ci="3" mb="0" cb="0"/><line nr="98" mi="0" ci="7" mb="0" cb="0"/><line nr="99" mi="0" ci="4" mb="0" cb="0"/><line nr="100" mi="0" ci="1" mb="0" cb="0"/><line nr="108" mi="0" ci="7" mb="0" cb="0"/><line nr="117" mi="6" ci="0" mb="0" cb="0"/><line nr="124" mi="0" ci="4" mb="0" cb="0"/><line nr="125" mi="0" ci="4" mb="0" cb="0"/><line nr="127" mi="0" ci="9" mb="0" cb="0"/><line nr="128" mi="0" ci="9" mb="0" cb="0"/><line nr="130" mi="0" ci="2" mb="1" cb="1"/><line nr="131" mi="0" ci="9" mb="0" cb="0"/><line nr="134" mi="0" ci="2" mb="0" cb="2"/><line nr="135" mi="0" ci="9" mb="0" cb="0"/><line nr="138" mi="0" ci="2" mb="0" cb="2"/><line nr="139" mi="0" ci="9" mb="0" cb="0"/><line nr="142" mi="0" ci="6" mb="0" cb="0"/><counter type="INSTRUCTION" missed="6" covered="210"/><counter type="BRANCH" missed="1" covered="5"/><counter type="LINE" missed="1" covered="38"/><counter type="COMPLEXITY" missed="2" covered="9"/><counter type="METHOD" missed="1" covered="7"/><counter type="CLASS" missed="0" covered="1"/></sourcefile><counter type="INSTRUCTION" missed="17" covered="252"/><counter type="BRANCH" missed="2" covered="6"/><counter type="LINE" missed="2" covered="49"/><counter type="COMPLEXITY" missed="4" covered="13"/><counter type="METHOD" missed="2" covered="11"/><counter type="CLASS" missed="0" covered="2"/></package><package name="calories/tracker/app/model"><class name="calories/tracker/app/model/Meal"><method name="&lt;init&gt;" desc="()V" line="27"><counter type="INSTRUCTION" missed="0" covered="3"/><counter type="LINE" missed="0" covered="2"/><counter type="COMPLEXITY" missed="0" covered="1"/><counter type="METHOD" missed="0" covered="1"/></method><method name="&lt;init&gt;" desc="(Lcalories/tracker/app/model/User;Ljava/util/Date;Ljava/sql/Time;Ljava/lang/String;Ljava/lang/Long;)V" line="31"><counter type="INSTRUCTION" missed="0" covered="18"/><counter type="LINE" missed="0" covered="7"/><counter type="COMPLEXITY" missed="0" covered="1"/><counter type="METHOD" missed="0" covered="1"/></method><method name="getDate" desc="()Ljava/util/Date;" line="41"><counter type="INSTRUCTION" missed="0" covered="3"/><counter type="LINE" missed="0" covered="1"/><counter type="COMPLEXITY" missed="0" covered="1"/><counter type="METHOD" missed="0" covered="1"/></method><method name="setDate" desc="(Ljava/util/Date;)V" line="45"><counter type="INSTRUCTION" missed="0" covered="4"/><counter type="LINE" missed="0" covered="2"/><counter type="COMPLEXITY" missed="0" covered="1"/><counter type="METHOD" missed="0" covered="1"/></method><method name="getTime" desc="()Ljava/sql/Time;" line="49"><counter type="INSTRUCTION" missed="0" covered="3"/><counter type="LINE" missed="0" covered="1"/><counter type="COMPLEXITY" missed="0" covered="1"/><counter type="METHOD" missed="0" covered="1"/></method><method name="setTime" desc="(Ljava/sql/Time;)V" line="53"><counter type="INSTRUCTION" missed="0" covered="4"/><counter type="LINE" missed="0" covered="2"/><counter type="COMPLEXITY" missed="0" covered="1"/><counter type="METHOD" missed="0" covered="1"/></method><method name="getDescription" desc="()Ljava/lang/String;" line="57"><counter type="INSTRUCTION" missed="0" covered="3"/><counter type="LINE" missed="0" covered="1"/><counter type="COMPLEXITY" missed="0" covered="1"/><counter type="METHOD" missed="0" covered="1"/></method><method name="setDescription" desc="(Ljava/lang/String;)V" line="61"><counter type="INSTRUCTION" missed="0" covered="4"/><counter type="LINE" missed="0" covered="2"/><counter type="COMPLEXITY" missed="0" covered="1"/><counter type="METHOD" missed="0" covered="1"/></method><method name="getCalories" desc="()Ljava/lang/Long;" line="65"><counter type="INSTRUCTION" missed="0" covered="3"/><counter type="LINE" missed="0" covered="1"/><counter type="COMPLEXITY" missed="0" covered="1"/><counter type="METHOD" missed="0" covered="1"/></method><method name="setCalories" desc="(Ljava/lang/Long;)V" line="69"><counter type="INSTRUCTION" missed="0" covered="4"/><counter type="LINE" missed="0" covered="2"/><counter type="COMPLEXITY" missed="0" covered="1"/><counter type="METHOD" missed="0" covered="1"/></method><method name="getUser" desc="()Lcalories/tracker/app/model/User;" line="73"><counter type="INSTRUCTION" missed="3" covered="0"/><counter type="LINE" missed="1" covered="0"/><counter type="COMPLEXITY" missed="1" covered="0"/><counter type="METHOD" missed="1" covered="0"/></method><method name="setUser" desc="(Lcalories/tracker/app/model/User;)V" line="77"><counter type="INSTRUCTION" missed="4" covered="0"/><counter type="LINE" missed="2" covered="0"/><counter type="COMPLEXITY" missed="1" covered="0"/><counter type="METHOD" missed="1" covered="0"/></method><counter type="INSTRUCTION" missed="7" covered="49"/><counter type="LINE" missed="3" covered="21"/><counter type="COMPLEXITY" missed="2" covered="10"/><counter type="METHOD" missed="2" covered="10"/><counter type="CLASS" missed="0" covered="1"/></class><class name="calories/tracker/app/model/AbstractEntity"><method name="&lt;init&gt;" desc="()V" line="13"><counter type="INSTRUCTION" missed="0" covered="3"/><counter type="LINE" missed="0" covered="1"/><counter type="COMPLEXITY" missed="0" covered="1"/><counter type="METHOD" missed="0" covered="1"/></method><method name="prePersist" desc="()V" line="30"><counter type="INSTRUCTION" missed="0" covered="3"/><counter type="LINE" missed="0" covered="2"/><counter type="COMPLEXITY" missed="0" covered="1"/><counter type="METHOD" missed="0" covered="1"/></method><method name="syncUuidString" desc="()V" line="34"><counter type="INSTRUCTION" missed="0" covered="8"/><counter type="BRANCH" missed="1" covered="1"/><counter type="LINE" missed="0" covered="3"/><counter type="COMPLEXITY" missed="1" covered="1"/><counter type="METHOD" missed="0" covered="1"/></method><method name="getUuid" desc="()Ljava/util/UUID;" line="41"><counter type="INSTRUCTION" missed="8" covered="20"/><counter type="BRANCH" missed="5" covered="3"/><counter type="LINE" missed="1" covered="6"/><counter type="COMPLEXITY" missed="4" covered="1"/><counter type="METHOD" missed="0" covered="1"/></method><method name="getId" desc="()Ljava/lang/Long;" line="54"><counter type="INSTRUCTION" missed="0" covered="3"/><counter type="LINE" missed="0" covered="1"/><counter type="COMPLEXITY" missed="0" covered="1"/><counter type="METHOD" missed="0" covered="1"/></method><method name="setId" desc="(Ljava/lang/Long;)V" line="64"><counter type="INSTRUCTION" missed="4" covered="0"/><counter type="LINE" missed="2" covered="0"/><counter type="COMPLEXITY" missed="1" covered="0"/><counter type="METHOD" missed="1" covered="0"/></method><method name="equals" desc="(Ljava/lang/Object;)Z" line="69"><counter type="INSTRUCTION" missed="34" covered="0"/><counter type="BRANCH" missed="12" covered="0"/><counter type="LINE" missed="5" covered="0"/><counter type="COMPLEXITY" missed="7" covered="0"/><counter type="METHOD" missed="1" covered="0"/></method><method name="hashCode" desc="()I" line="81"><counter type="INSTRUCTION" missed="9" covered="0"/><counter type="BRANCH" missed="2" covered="0"/><counter type="LINE" missed="1" covered="0"/><counter type="COMPLEXITY" missed="2" covered="0"/><counter type="METHOD" missed="1" covered="0"/></method><method name="getVersion" desc="()Ljava/lang/Long;" line="85"><counter type="INSTRUCTION" missed="3" covered="0"/><counter type="LINE" missed="1" covered="0"/><counter type="COMPLEXITY" missed="1" covered="0"/><counter type="METHOD" missed="1" covered="0"/></method><method name="getUuidStr" desc="()Ljava/lang/String;" line="89"><counter type="INSTRUCTION" missed="3" covered="0"/><counter type="LINE" missed="1" covered="0"/><counter type="COMPLEXITY" missed="1" covered="0"/><counter type="METHOD" missed="1" covered="0"/></method><counter type="INSTRUCTION" missed="61" covered="37"/><counter type="BRANCH" missed="20" covered="4"/><counter type="LINE" missed="11" covered="13"/><counter type="COMPLEXITY" missed="17" covered="5"/><counter type="METHOD" missed="5" covered="5"/><counter type="CLASS" missed="0" covered="1"/></class><class name="calories/tracker/app/model/SearchResult"><method name="&lt;init&gt;" desc="(JLjava/util/List;)V" line="17"><counter type="INSTRUCTION" missed="0" covered="9"/><counter type="LINE" missed="0" covered="4"/><counter type="COMPLEXITY" missed="0" covered="1"/><counter type="METHOD" missed="0" covered="1"/></method><method name="getResultsCount" desc="()J" line="23"><counter type="INSTRUCTION" missed="0" covered="3"/><counter type="LINE" missed="0" covered="1"/><counter type="COMPLEXITY" missed="0" covered="1"/><counter type="METHOD" missed="0" covered="1"/></method><method name="getResult" desc="()Ljava/util/List;" line="27"><counter type="INSTRUCTION" missed="0" covered="3"/><counter type="LINE" missed="0" covered="1"/><counter type="COMPLEXITY" missed="0" covered="1"/><counter type="METHOD" missed="0" covered="1"/></method><counter type="INSTRUCTION" missed="0" covered="15"/><counter type="LINE" missed="0" covered="6"/><counter type="COMPLEXITY" missed="0" covered="3"/><counter type="METHOD" missed="0" covered="3"/><counter type="CLASS" missed="0" covered="1"/></class><class name="calories/tracker/app/model/User"><method name="&lt;init&gt;" desc="()V" line="37"><counter type="INSTRUCTION" missed="0" covered="3"/><counter type="LINE" missed="0" covered="2"/><counter type="COMPLEXITY" missed="0" covered="1"/><counter type="METHOD" missed="0" covered="1"/></method><method name="&lt;init&gt;" desc="(Ljava/lang/String;Ljava/lang/String;Ljava/lang/String;Ljava/lang/Long;)V" line="41"><counter type="INSTRUCTION" missed="0" covered="15"/><counter type="LINE" missed="0" covered="6"/><counter type="COMPLEXITY" missed="0" covered="1"/><counter type="METHOD" missed="0" covered="1"/></method><method name="getUsername" desc="()Ljava/lang/String;" line="49"><counter type="INSTRUCTION" missed="0" covered="3"/><counter type="LINE" missed="0" covered="1"/><counter type="COMPLEXITY" missed="0" covered="1"/><counter type="METHOD" missed="0" covered="1"/></method><method name="setUsername" desc="(Ljava/lang/String;)V" line="53"><counter type="INSTRUCTION" missed="4" covered="0"/><counter type="LINE" missed="2" covered="0"/><counter type="COMPLEXITY" missed="1" covered="0"/><counter type="METHOD" missed="1" covered="0"/></method><method name="getPasswordDigest" desc="()Ljava/lang/String;" line="57"><counter type="INSTRUCTION" missed="0" covered="3"/><counter type="LINE" missed="0" covered="1"/><counter type="COMPLEXITY" missed="0" covered="1"/><counter type="METHOD" missed="0" covered="1"/></method><method name="setPasswordDigest" desc="(Ljava/lang/String;)V" line="61"><counter type="INSTRUCTION" missed="4" covered="0"/><counter type="LINE" missed="2" covered="0"/><counter type="COMPLEXITY" missed="1" covered="0"/><counter type="METHOD" missed="1" covered="0"/></method><method name="getEmail" desc="()Ljava/lang/String;" line="65"><counter type="INSTRUCTION" missed="0" covered="3"/><counter type="LINE" missed="0" covered="1"/><counter type="COMPLEXITY" missed="0" covered="1"/><counter type="METHOD" missed="0" covered="1"/></method><method name="setEmail" desc="(Ljava/lang/String;)V" line="69"><counter type="INSTRUCTION" missed="4" covered="0"/><counter type="LINE" missed="2" covered="0"/><counter type="COMPLEXITY" missed="1" covered="0"/><counter type="METHOD" missed="1" covered="0"/></method><method name="getMaxCaloriesPerDay" desc="()Ljava/lang/Long;" line="73"><counter type="INSTRUCTION" missed="0" covered="3"/><counter type="LINE" missed="0" covered="1"/><counter type="COMPLEXITY" missed="0" covered="1"/><counter type="METHOD" missed="0" covered="1"/></method><method name="setMaxCaloriesPerDay" desc="(Ljava/lang/Long;)V" line="77"><counter type="INSTRUCTION" missed="0" covered="4"/><counter type="LINE" missed="0" covered="2"/><counter type="COMPLEXITY" missed="0" covered="1"/><counter type="METHOD" missed="0" covered="1"/></method><method name="toString" desc="()Ljava/lang/String;" line="82"><counter type="INSTRUCTION" missed="26" covered="0"/><counter type="LINE" missed="1" covered="0"/><counter type="COMPLEXITY" missed="1" covered="0"/><counter type="METHOD" missed="1" covered="0"/></method><counter type="INSTRUCTION" missed="38" covered="34"/><counter type="LINE" missed="7" covered="14"/><counter type="COMPLEXITY" missed="4" covered="7"/><counter type="METHOD" missed="4" covered="7"/><counter type="CLASS" missed="0" covered="1"/></class><sourcefile name="SearchResult.java"><line nr="17" mi="0" ci="2" mb="0" cb="0"/><line nr="18" mi="0" ci="3" mb="0" cb="0"/><line nr="19" mi="0" ci="3" mb="0" cb="0"/><line nr="20" mi="0" ci="1" mb="0" cb="0"/><line nr="23" mi="0" ci="3" mb="0" cb="0"/><line nr="27" mi="0" ci="3" mb="0" cb="0"/><counter type="INSTRUCTION" missed="0" covered="15"/><counter type="LINE" missed="0" covered="6"/><counter type="COMPLEXITY" missed="0" covered="3"/><counter type="METHOD" missed="0" covered="3"/><counter type="CLASS" missed="0" covered="1"/></sourcefile><sourcefile name="Meal.java"><line nr="27" mi="0" ci="2" mb="0" cb="0"/><line nr="29" mi="0" ci="1" mb="0" cb="0"/><line nr="31" mi="0" ci="2" mb="0" cb="0"/><line nr="32" mi="0" ci="3" mb="0" cb="0"/><line nr="33" mi="0" ci="3" mb="0" cb="0"/><line nr="34" mi="0" ci="3" mb="0" cb="0"/><line nr="35" mi="0" ci="3" mb="0" cb="0"/><line nr="36" mi="0" ci="3" mb="0" cb="0"/><line nr="37" mi="0" ci="1" mb="0" cb="0"/><line nr="41" mi="0" ci="3" mb="0" cb="0"/><line nr="45" mi="0" ci="3" mb="0" cb="0"/><line nr="46" mi="0" ci="1" mb="0" cb="0"/><line nr="49" mi="0" ci="3" mb="0" cb="0"/><line nr="53" mi="0" ci="3" mb="0" cb="0"/><line nr="54" mi="0" ci="1" mb="0" cb="0"/><line nr="57" mi="0" ci="3" mb="0" cb="0"/><line nr="61" mi="0" ci="3" mb="0" cb="0"/><line nr="62" mi="0" ci="1" mb="0" cb="0"/><line nr="65" mi="0" ci="3" mb="0" cb="0"/><line nr="69" mi="0" ci="3" mb="0" cb="0"/><line nr="70" mi="0" ci="1" mb="0" cb="0"/><line nr="73" mi="3" ci="0" mb="0" cb="0"/><line nr="77" mi="3" ci="0" mb="0" cb="0"/><line nr="78" mi="1" ci="0" mb="0" cb="0"/><counter type="INSTRUCTION" missed="7" covered="49"/><counter type="LINE" missed="3" covered="21"/><counter type="COMPLEXITY" missed="2" covered="10"/><counter type="METHOD" missed="2" covered="10"/><counter type="CLASS" missed="0" covered="1"/></sourcefile><sourcefile name="User.java"><line nr="37" mi="0" ci="2" mb="0" cb="0"/><line nr="39" mi="0" ci="1" mb="0" cb="0"/><line nr="41" mi="0" ci="2" mb="0" cb="0"/><line nr="42" mi="0" ci="3" mb="0" cb="0"/><line nr="43" mi="0" ci="3" mb="0" cb="0"/><line nr="44" mi="0" ci="3" mb="0" cb="0"/><line nr="45" mi="0" ci="3" mb="0" cb="0"/><line nr="46" mi="0" ci="1" mb="0" cb="0"/><line nr="49" mi="0" ci="3" mb="0" cb="0"/><line nr="53" mi="3" ci="0" mb="0" cb="0"/><line nr="54" mi="1" ci="0" mb="0" cb="0"/><line nr="57" mi="0" ci="3" mb="0" cb="0"/><line nr="61" mi="3" ci="0" mb="0" cb="0"/><line nr="62" mi="1" ci="0" mb="0" cb="0"/><line nr="65" mi="0" ci="3" mb="0" cb="0"/><line nr="69" mi="3" ci="0" mb="0" cb="0"/><line nr="70" mi="1" ci="0" mb="0" cb="0"/><line nr="73" mi="0" ci="3" mb="0" cb="0"/><line nr="77" mi="0" ci="3" mb="0" cb="0"/><line nr="78" mi="0" ci="1" mb="0" cb="0"/><line nr="82" mi="26" ci="0" mb="0" cb="0"/><counter type="INSTRUCTION" missed="38" covered="34"/><counter type="LINE" missed="7" covered="14"/><counter type="COMPLEXITY" missed="4" covered="7"/><counter type="METHOD" missed="4" covered="7"/><counter type="CLASS" missed="0" covered="1"/></sourcefile><sourcefile name="AbstractEntity.java"><line nr="13" mi="0" ci="3" mb="0" cb="0"/><line nr="30" mi="0" ci="2" mb="0" cb="0"/><line nr="31" mi="0" ci="1" mb="0" cb="0"/><line nr="34" mi="0" ci="4" mb="1" cb="1"/><line nr="36" mi="0" ci="3" mb="0" cb="0"/><line nr="38" mi="0" ci="1" mb="0" cb="0"/><line nr="41" mi="0" ci="3" mb="1" cb="1"/><line nr="42" mi="0" ci="3" mb="1" cb="1"/><line nr="43" mi="0" ci="3" mb="0" cb="0"/><line nr="45" mi="0" ci="5" mb="0" cb="0"/><line nr="47" mi="3" ci="3" mb="3" cb="1"/><line nr="48" mi="5" ci="0" mb="0" cb="0"/><line nr="50" mi="0" ci="3" mb="0" cb="0"/><line nr="54" mi="0" ci="3" mb="0" cb="0"/><line nr="64" mi="3" ci="0" mb="0" cb="0"/><line nr="65" mi="1" ci="0" mb="0" cb="0"/><line nr="69" mi="5" ci="0" mb="2" cb="0"/><line nr="70" mi="9" ci="0" mb="4" cb="0"/><line nr="72" mi="3" ci="0" mb="0" cb="0"/><line nr="74" mi="15" ci="0" mb="6" cb="0"/><line nr="76" mi="2" ci="0" mb="0" cb="0"/><line nr="81" mi="9" ci="0" mb="2" cb="0"/><line nr="85" mi="3" ci="0" mb="0" cb="0"/><line nr="89" mi="3" ci="0" mb="0" cb="0"/><counter type="INSTRUCTION" missed="61" covered="37"/><counter type="BRANCH" missed="20" covered="4"/><counter type="LINE" missed="11" covered="13"/><counter type="COMPLEXITY" missed="17" covered="5"/><counter type="METHOD" missed="5" covered="5"/><counter type="CLASS" missed="0" covered="1"/></sourcefile><counter type="INSTRUCTION" missed="106" covered="135"/><counter type="BRANCH" missed="20" covered="4"/><counter type="LINE" missed="21" covered="54"/><counter type="COMPLEXITY" missed="23" covered="25"/><counter type="METHOD" missed="11" covered="25"/><counter type="CLASS" missed="0" covered="4"/></package><package name="calories/tracker/config/root"><class name="calories/tracker/config/root/RootContextConfig"><method name="&lt;init&gt;" desc="()V" line="23"><counter type="INSTRUCTION" missed="0" covered="3"/><counter type="LINE" missed="0" covered="1"/><counter type="COMPLEXITY" missed="0" covered="1"/><counter type="METHOD" missed="0" covered="1"/></method><method name="transactionManager" desc="(Ljavax/persistence/EntityManagerFactory;Lorg/springframework/jdbc/datasource/DriverManagerDataSource;)Lorg/springframework/transaction/PlatformTransactionManager;" line="28"><counter type="INSTRUCTION" missed="0" covered="12"/><counter type="LINE" missed="0" covered="4"/><counter type="COMPLEXITY" missed="0" covered="1"/><counter type="METHOD" missed="0" covered="1"/></method><counter type="INSTRUCTION" missed="0" covered="15"/><counter type="LINE" missed="0" covered="5"/><counter type="COMPLEXITY" missed="0" covered="2"/><counter type="METHOD" missed="0" covered="2"/><counter type="CLASS" missed="0" covered="1"/></class><class name="calories/tracker/config/root/AppSecurityConfig"><method name="&lt;init&gt;" desc="()V" line="31"><counter type="INSTRUCTION" missed="3" covered="0"/><counter type="LINE" missed="1" covered="0"/><counter type="COMPLEXITY" missed="1" covered="0"/><counter type="METHOD" missed="1" covered="0"/></method><method name="configure" desc="(Lorg/springframework/security/config/annotation/authentication/builders/AuthenticationManagerBuilder;)V" line="43"><counter type="INSTRUCTION" missed="10" covered="0"/><counter type="LINE" missed="2" covered="0"/><counter type="COMPLEXITY" missed="1" covered="0"/><counter type="METHOD" missed="1" covered="0"/></method><method name="configure" desc="(Lorg/springframework/security/config/annotation/web/builders/HttpSecurity;)V" line="49"><counter type="INSTRUCTION" missed="101" covered="0"/><counter type="BRANCH" missed="2" covered="0"/><counter type="LINE" missed="28" covered="0"/><counter type="COMPLEXITY" missed="2" covered="0"/><counter type="METHOD" missed="1" covered="0"/></method><method name="&lt;clinit&gt;" desc="()V" line="33"><counter type="INSTRUCTION" missed="4" covered="0"/><counter type="LINE" missed="1" covered="0"/><counter type="COMPLEXITY" missed="1" covered="0"/><counter type="METHOD" missed="1" covered="0"/></method><counter type="INSTRUCTION" missed="118" covered="0"/><counter type="BRANCH" missed="2" covered="0"/><counter type="LINE" missed="32" covered="0"/><counter type="COMPLEXITY" missed="5" covered="0"/><counter type="METHOD" missed="4" covered="0"/><counter type="CLASS" missed="1" covered="0"/></class><class name="calories/tracker/config/root/TestConfiguration"><method name="&lt;init&gt;" desc="()V" line="33"><counter type="INSTRUCTION" missed="0" covered="3"/><counter type="LINE" missed="0" covered="1"/><counter type="COMPLEXITY" missed="0" covered="1"/><counter type="METHOD" missed="0" covered="1"/></method><method name="initTestData" desc="()Lcalories/tracker/app/init/TestDataInitializer;" line="37"><counter type="INSTRUCTION" missed="0" covered="4"/><counter type="LINE" missed="0" covered="1"/><counter type="COMPLEXITY" missed="0" covered="1"/><counter type="METHOD" missed="0" covered="1"/></method><method name="dataSource" desc="()Lorg/springframework/jdbc/datasource/DriverManagerDataSource;" line="42"><counter type="INSTRUCTION" missed="0" covered="19"/><counter type="LINE" missed="0" covered="6"/><counter type="COMPLEXITY" missed="0" covered="1"/><counter type="METHOD" missed="0" covered="1"/></method><method name="entityManagerFactory" desc="(Lorg/springframework/jdbc/datasource/DriverManagerDataSource;)Lorg/springframework/orm/jpa/LocalContainerEntityManagerFactoryBean;" line="53"><counter type="INSTRUCTION" missed="0" covered="54"/><counter type="LINE" missed="0" covered="12"/><counter type="COMPLEXITY" missed="0" covered="1"/><counter type="METHOD" missed="0" covered="1"/></method><counter type="INSTRUCTION" missed="0" covered="80"/><counter type="LINE" missed="0" covered="20"/><counter type="COMPLEXITY" missed="0" covered="4"/><counter type="METHOD" missed="0" covered="4"/><counter type="CLASS" missed="0" covered="1"/></class><class name="calories/tracker/config/root/DevelopmentConfiguration"><method name="&lt;init&gt;" desc="()V" line="26"><counter type="INSTRUCTION" missed="3" covered="0"/><counter type="LINE" missed="1" covered="0"/><counter type="COMPLEXITY" missed="1" covered="0"/><counter type="METHOD" missed="1" covered="0"/></method><method name="initTestData" desc="()Lcalories/tracker/app/init/TestDataInitializer;" line="30"><counter type="INSTRUCTION" missed="4" covered="0"/><counter type="LINE" missed="1" covered="0"/><counter type="COMPLEXITY" missed="1" covered="0"/><counter type="METHOD" missed="1" covered="0"/></method><method name="dataSource" desc="()Lorg/springframework/jdbc/datasource/DriverManagerDataSource;" line="35"><counter type="INSTRUCTION" missed="30" covered="0"/><counter type="LINE" missed="6" covered="0"/><counter type="COMPLEXITY" missed="1" covered="0"/><counter type="METHOD" missed="1" covered="0"/></method><method name="entityManagerFactory" desc="(Lorg/springframework/jdbc/datasource/DriverManagerDataSource;)Lorg/springframework/orm/jpa/LocalContainerEntityManagerFactoryBean;" line="47"><counter type="INSTRUCTION" missed="59" covered="0"/><counter type="LINE" missed="13" covered="0"/><counter type="COMPLEXITY" missed="1" covered="0"/><counter type="METHOD" missed="1" covered="0"/></method><counter type="INSTRUCTION" missed="96" covered="0"/><counter type="LINE" missed="21" covered="0"/><counter type="COMPLEXITY" missed="4" covered="0"/><counter type="METHOD" missed="4" covered="0"/><counter type="CLASS" missed="1" covered="0"/></class><sourcefile name="TestConfiguration.java"><line nr="33" mi="0" ci="3" mb="0" cb="0"/><line nr="37" mi="0" ci="4" mb="0" cb="0"/><line nr="42" mi="0" ci="4" mb="0" cb="0"/><line nr="43" mi="0" ci="4" mb="0" cb="0"/><line nr="44" mi="0" ci="3" mb="0" cb="0"/><line nr="45" mi="0" ci="3" mb="0" cb="0"/><line nr="46" mi="0" ci="3" mb="0" cb="0"/><line nr="47" mi="0" ci="2" mb="0" cb="0"/><line nr="53" mi="0" ci="4" mb="0" cb="0"/><line nr="54" mi="0" ci="3" mb="0" cb="0"/><line nr="55" mi="0" ci="8" mb="0" cb="0"/><line nr="56" mi="0" ci="5" mb="0" cb="0"/><line nr="57" mi="0" ci="5" mb="0" cb="0"/><line nr="59" mi="0" ci="4" mb="0" cb="0"/><line nr="60" mi="0" ci="5" mb="0" cb="0"/><line nr="61" mi="0" ci="5" mb="0" cb="0"/><line nr="62" mi="0" ci="5" mb="0" cb="0"/><line nr="63" mi="0" ci="5" mb="0" cb="0"/><line nr="64" mi="0" ci="3" mb="0" cb="0"/><line nr="66" mi="0" ci="2" mb="0" cb="0"/><counter type="INSTRUCTION" missed="0" covered="80"/><counter type="LINE" missed="0" covered="20"/><counter type="COMPLEXITY" missed="0" covered="4"/><counter type="METHOD" missed="0" covered="4"/><counter type="CLASS" missed="0" covered="1"/></sourcefile><sourcefile name="RootContextConfig.java"><line nr="23" mi="0" ci="3" mb="0" cb="0"/><line nr="28" mi="0" ci="4" mb="0" cb="0"/><line nr="29" mi="0" ci="3" mb="0" cb="0"/><line nr="30" mi="0" ci="3" mb="0" cb="0"/><line nr="31" mi="0" ci="2" mb="0" cb="0"/><counter type="INSTRUCTION" missed="0" covered="15"/><counter type="LINE" missed="0" covered="5"/><counter type="COMPLEXITY" missed="0" covered="2"/><counter type="METHOD" missed="0" covered="2"/><counter type="CLASS" missed="0" covered="1"/></sourcefile><sourcefile name="AppSecurityConfig.java"><line nr="31" mi="3" ci="0" mb="0" cb="0"/><line nr="33" mi="4" ci="0" mb="0" cb="0"/><line nr="43" mi="9" ci="0" mb="0" cb="0"/><line nr="44" mi="1" ci="0" mb="0" cb="0"/><line nr="49" mi="4" ci="0" mb="0" cb="0"/><line nr="50" mi="5" ci="0" mb="0" cb="0"/><line nr="52" mi="1" ci="0" mb="0" cb="0"/><line nr="53" mi="7" ci="0" mb="0" cb="0"/><line nr="54" mi="9" ci="0" mb="0" cb="0"/><line nr="55" mi="9" ci="0" mb="0" cb="0"/><line nr="56" mi="10" ci="0" mb="0" cb="0"/><line nr="57" mi="3" ci="0" mb="0" cb="0"/><line nr="58" mi="3" ci="0" mb="0" cb="0"/><line nr="59" mi="2" ci="0" mb="0" cb="0"/><line nr="60" mi="2" ci="0" mb="0" cb="0"/><line nr="61" mi="3" ci="0" mb="0" cb="0"/><line nr="62" mi="3" ci="0" mb="0" cb="0"/><line nr="63" mi="2" ci="0" mb="0" cb="0"/><line nr="64" mi="7" ci="0" mb="0" cb="0"/><line nr="65" mi="3" ci="0" mb="0" cb="0"/><line nr="66" mi="1" ci="0" mb="0" cb="0"/><line nr="67" mi="2" ci="0" mb="0" cb="0"/><line nr="68" mi="1" ci="0" mb="0" cb="0"/><line nr="69" mi="2" ci="0" mb="0" cb="0"/><line nr="70" mi="2" ci="0" mb="0" cb="0"/><line nr="71" mi="2" ci="0" mb="0" cb="0"/><line nr="72" mi="1" ci="0" mb="0" cb="0"/><line nr="73" mi="2" ci="0" mb="0" cb="0"/><line nr="75" mi="5" ci="0" mb="2" cb="0"/><line nr="76" mi="3" ci="0" mb="0" cb="0"/><line nr="77" mi="6" ci="0" mb="0" cb="0"/><line nr="79" mi="1" ci="0" mb="0" cb="0"/><counter type="INSTRUCTION" missed="118" covered="0"/><counter type="BRANCH" missed="2" covered="0"/><counter type="LINE" missed="32" covered="0"/><counter type="COMPLEXITY" missed="5" covered="0"/><counter type="METHOD" missed="4" covered="0"/><counter type="CLASS" missed="1" covered="0"/></sourcefile><sourcefile name="DevelopmentConfiguration.java"><line nr="26" mi="3" ci="0" mb="0" cb="0"/><line nr="30" mi="4" ci="0" mb="0" cb="0"/><line nr="35" mi="4" ci="0" mb="0" cb="0"/><line nr="36" mi="3" ci="0" mb="0" cb="0"/><line nr="37" mi="13" ci="0" mb="0" cb="0"/><line nr="39" mi="4" ci="0" mb="0" cb="0"/><line nr="40" mi="4" ci="0" mb="0" cb="0"/><line nr="41" mi="2" ci="0" mb="0" cb="0"/><line nr="47" mi="4" ci="0" mb="0" cb="0"/><line nr="48" mi="3" ci="0" mb="0" cb="0"/><line nr="49" mi="8" ci="0" mb="0" cb="0"/><line nr="50" mi="5" ci="0" mb="0" cb="0"/><line nr="51" mi="5" ci="0" mb="0" cb="0"/><line nr="53" mi="4" ci="0" mb="0" cb="0"/><line nr="54" mi="5" ci="0" mb="0" cb="0"/><line nr="55" mi="5" ci="0" mb="0" cb="0"/><line nr="56" mi="5" ci="0" mb="0" cb="0"/><line nr="57" mi="5" ci="0" mb="0" cb="0"/><line nr="58" mi="5" ci="0" mb="0" cb="0"/><line nr="59" mi="3" ci="0" mb="0" cb="0"/><line nr="61" mi="2" ci="0" mb="0" cb="0"/><counter type="INSTRUCTION" missed="96" covered="0"/><counter type="LINE" missed="21" covered="0"/><counter type="COMPLEXITY" missed="4" covered="0"/><counter type="METHOD" missed="4" covered="0"/><counter type="CLASS" missed="1" covered="0"/></sourcefile><counter type="INSTRUCTION" missed="214" covered="95"/><counter type="BRANCH" missed="2" covered="0"/><counter type="LINE" missed="53" covered="25"/><counter type="COMPLEXITY" missed="9" covered="6"/><counter type="METHOD" missed="8" covered="6"/><counter type="CLASS" missed="2" covered="2"/></package><package name="calories/tracker/config/servlet"><class name="calories/tracker/config/servlet/ServletContextConfig"><method name="&lt;init&gt;" desc="()V" line="20"><counter type="INSTRUCTION" missed="0" covered="3"/><counter type="LINE" missed="0" covered="1"/><counter type="COMPLEXITY" missed="0" covered="1"/><counter type="METHOD" missed="0" covered="1"/></method><method name="addResourceHandlers" desc="(Lorg/springframework/web/servlet/config/annotation/ResourceHandlerRegistry;)V" line="25"><counter type="INSTRUCTION" missed="0" covered="17"/><counter type="LINE" missed="0" covered="2"/><counter type="COMPLEXITY" missed="0" covered="1"/><counter type="METHOD" missed="0" covered="1"/></method><counter type="INSTRUCTION" missed="0" covered="20"/><counter type="LINE" missed="0" covered="3"/><counter type="COMPLEXITY" missed="0" covered="2"/><counter type="METHOD" missed="0" covered="2"/><counter type="CLASS" missed="0" covered="1"/></class><sourcefile name="ServletContextConfig.java"><line nr="20" mi="0" ci="3" mb="0" cb="0"/><line nr="25" mi="0" ci="16" mb="0" cb="0"/><line nr="26" mi="0" ci="1" mb="0" cb="0"/><counter type="INSTRUCTION" missed="0" covered="20"/><counter type="LINE" missed="0" covered="3"/><counter type="COMPLEXITY" missed="0" covered="2"/><counter type="METHOD" missed="0" covered="2"/><counter type="CLASS" missed="0" covered="1"/></sourcefile><counter type="INSTRUCTION" missed="0" covered="20"/><counter type="LINE" missed="0" covered="3"/><counter type="COMPLEXITY" missed="0" covered="2"/><counter type="METHOD" missed="0" covered="2"/><counter type="CLASS" missed="0" covered="1"/></package><package name="calories/tracker/app/controllers"><class name="calories/tracker/app/controllers/MealController"><method name="&lt;init&gt;" desc="()V" line="30"><counter type="INSTRUCTION" missed="0" covered="7"/><counter type="LINE" missed="0" covered="2"/><counter type="COMPLEXITY" missed="0" covered="1"/><counter type="METHOD" missed="0" covered="1"/></method><method name="searchMealsByDate" desc="(Ljava/security/Principal;Ljava/util/Date;Ljava/util/Date;Ljava/util/Date;Ljava/util/Date;Ljava/lang/Integer;)Lcalories/tracker/app/dto/MealsDTO;" line="63"><counter type="INSTRUCTION" missed="25" covered="59"/><counter type="BRANCH" missed="6" covered="4"/><counter type="LINE" missed="2" covered="11"/><counter type="COMPLEXITY" missed="5" covered="1"/><counter type="METHOD" missed="0" covered="1"/></method><method name="saveMeals" desc="(Ljava/security/Principal;Ljava/util/List;)Ljava/util/List;" line="99"><counter type="INSTRUCTION" missed="0" covered="15"/><counter type="LINE" missed="0" covered="4"/><counter type="COMPLEXITY" missed="0" covered="1"/><counter type="METHOD" missed="0" covered="1"/></method><method name="deleteMeals" desc="(Ljava/util/List;)V" line="116"><counter type="INSTRUCTION" missed="0" covered="5"/><counter type="LINE" missed="0" covered="2"/><counter type="COMPLEXITY" missed="0" covered="1"/><counter type="METHOD" missed="0" covered="1"/></method><method name="errorHandler" desc="(Ljava/lang/Exception;)Lorg/springframework/http/ResponseEntity;" line="129"><counter type="INSTRUCTION" missed="13" covered="0"/><counter type="LINE" missed="2" covered="0"/><counter type="COMPLEXITY" missed="1" covered="0"/><counter type="METHOD" missed="1" covered="0"/></method><counter type="INSTRUCTION" missed="38" covered="86"/><counter type="BRANCH" missed="6" covered="4"/><counter type="LINE" missed="4" covered="19"/><counter type="COMPLEXITY" missed="6" covered="4"/><counter type="METHOD" missed="1" covered="4"/><counter type="CLASS" missed="0" covered="1"/></class><class name="calories/tracker/app/controllers/UserController"><method name="&lt;init&gt;" desc="()V" line="25"><counter type="INSTRUCTION" missed="0" covered="3"/><counter type="LINE" missed="0" covered="1"/><counter type="COMPLEXITY" missed="0" covered="1"/><counter type="METHOD" missed="0" covered="1"/></method><method name="getUserInfo" desc="(Ljava/security/Principal;)Lcalories/tracker/app/dto/UserInfoDTO;" line="37"><counter type="INSTRUCTION" missed="25" covered="0"/><counter type="BRANCH" missed="2" covered="0"/><counter type="LINE" missed="3" covered="0"/><counter type="COMPLEXITY" missed="2" covered="0"/><counter type="METHOD" missed="1" covered="0"/></method><method name="updateUserMaxCaloriesPerDay" desc="(Ljava/security/Principal;Ljava/lang/Long;)V" line="47"><counter type="INSTRUCTION" missed="0" covered="7"/><counter type="LINE" missed="0" covered="2"/><counter type="COMPLEXITY" missed="0" covered="1"/><counter type="METHOD" missed="0" covered="1"/></method><method name="createUser" desc="(Lcalories/tracker/app/dto/NewUserDTO;)V" line="54"><counter type="INSTRUCTION" missed="0" covered="10"/><counter type="LINE" missed="0" covered="2"/><counter type="COMPLEXITY" missed="0" covered="1"/><counter type="METHOD" missed="0" covered="1"/></method><method name="errorHandler" desc="(Ljava/lang/Exception;)Lorg/springframework/http/ResponseEntity;" line="60"><counter type="INSTRUCTION" missed="12" covered="0"/><counter type="LINE" missed="2" covered="0"/><counter type="COMPLEXITY" missed="1" covered="0"/><counter type="METHOD" missed="1" covered="0"/></method><method name="&lt;clinit&gt;" desc="()V" line="27"><counter type="INSTRUCTION" missed="0" covered="4"/><counter type="LINE" missed="0" covered="1"/><counter type="COMPLEXITY" missed="0" covered="1"/><counter type="METHOD" missed="0" covered="1"/></method><counter type="INSTRUCTION" missed="37" covered="24"/><counter type="BRANCH" missed="2" covered="0"/><counter type="LINE" missed="5" covered="6"/><counter type="COMPLEXITY" missed="3" covered="4"/><counter type="METHOD" missed="2" covered="4"/><counter type="CLASS" missed="0" covered="1"/></class><sourcefile name="MealController.java"><line nr="30" mi="0" ci="2" mb="0" cb="0"/><line nr="32" mi="0" ci="5" mb="0" cb="0"/><line nr="63" mi="2" ci="2" mb="3" cb="1"/><line nr="64" mi="7" ci="0" mb="0" cb="0"/><line nr="65" mi="4" ci="0" mb="0" cb="0"/><line nr="68" mi="0" ci="5" mb="0" cb="0"/><line nr="69" mi="3" ci="5" mb="1" cb="1"/><line nr="72" mi="6" ci="3" mb="1" cb="1"/><line nr="73" mi="3" ci="2" mb="0" cb="0"/><line nr="74" mi="0" ci="1" mb="0" cb="0"/><line nr="76" mi="0" ci="4" mb="0" cb="0"/><line nr="77" mi="0" ci="6" mb="0" cb="0"/><line nr="79" mi="0" ci="7" mb="1" cb="1"/><line nr="80" mi="0" ci="12" mb="0" cb="0"/><line nr="83" mi="0" ci="12" mb="0" cb="0"/><line nr="99" mi="0" ci="7" mb="0" cb="0"/><line nr="101" mi="0" ci="3" mb="0" cb="0"/><line nr="102" mi="0" ci="1" mb="0" cb="0"/><line nr="103" mi="0" ci="4" mb="0" cb="0"/><line nr="116" mi="0" ci="4" mb="0" cb="0"/><line nr="117" mi="0" ci="1" mb="0" cb="0"/><line nr="129" mi="6" ci="0" mb="0" cb="0"/><line nr="130" mi="7" ci="0" mb="0" cb="0"/><counter type="INSTRUCTION" missed="38" covered="86"/><counter type="BRANCH" missed="6" covered="4"/><counter type="LINE" missed="4" covered="19"/><counter type="COMPLEXITY" missed="6" covered="4"/><counter type="METHOD" missed="1" covered="4"/><counter type="CLASS" missed="0" covered="1"/></sourcefile><sourcefile name="UserController.java"><line nr="25" mi="0" ci="3" mb="0" cb="0"/><line nr="27" mi="0" ci="4" mb="0" cb="0"/><line nr="37" mi="6" ci="0" mb="0" cb="0"/><line nr="38" mi="6" ci="0" mb="0" cb="0"/><line nr="40" mi="13" ci="0" mb="2" cb="0"/><line nr="47" mi="0" ci="6" mb="0" cb="0"/><line nr="48" mi="0" ci="1" mb="0" cb="0"/><line nr="54" mi="0" ci="9" mb="0" cb="0"/><line nr="55" mi="0" ci="1" mb="0" cb="0"/><line nr="60" mi="5" ci="0" mb="0" cb="0"/><line nr="61" mi="7" ci="0" mb="0" cb="0"/><counter type="INSTRUCTION" missed="37" covered="24"/><counter type="BRANCH" missed="2" covered="0"/><counter type="LINE" missed="5" covered="6"/><counter type="COMPLEXITY" missed="3" covered="4"/><counter type="METHOD" missed="2" covered="4"/><counter type="CLASS" missed="0" covered="1"/></sourcefile><counter type="INSTRUCTION" missed="75" covered="110"/><counter type="BRANCH" missed="8" covered="4"/><counter type="LINE" missed="9" covered="25"/><counter type="COMPLEXITY" missed="9" covered="8"/><counter type="METHOD" missed="3" covered="8"/><counter type="CLASS" missed="0" covered="2"/></package><package name="calories/tracker/config"><class name="calories/tracker/config/WebAppInitializer"><method name="&lt;init&gt;" desc="()V" line="16"><counter type="INSTRUCTION" missed="3" covered="0"/><counter type="LINE" missed="1" covered="0"/><counter type="COMPLEXITY" missed="1" covered="0"/><counter type="METHOD" missed="1" covered="0"/></method><method name="getRootConfigClasses" desc="()[Ljava/lang/Class;" line="20"><counter type="INSTRUCTION" missed="19" covered="0"/><counter type="LINE" missed="1" covered="0"/><counter type="COMPLEXITY" missed="1" covered="0"/><counter type="METHOD" missed="1" covered="0"/></method><method name="getServletConfigClasses" desc="()[Ljava/lang/Class;" line="26"><counter type="INSTRUCTION" missed="7" covered="0"/><counter type="LINE" missed="1" covered="0"/><counter type="COMPLEXITY" missed="1" covered="0"/><counter type="METHOD" missed="1" covered="0"/></method><method name="getServletMappings" desc="()[Ljava/lang/String;" line="31"><counter type="INSTRUCTION" missed="7" covered="0"/><counter type="LINE" missed="1" covered="0"/><counter type="COMPLEXITY" missed="1" covered="0"/><counter type="METHOD" missed="1" covered="0"/></method><counter type="INSTRUCTION" missed="36" covered="0"/><counter type="LINE" missed="4" covered="0"/><counter type="COMPLEXITY" missed="4" covered="0"/><counter type="METHOD" missed="4" covered="0"/><counter type="CLASS" missed="1" covered="0"/></class><class name="calories/tracker/config/SecurityWebApplicationInitializer"><method name="&lt;init&gt;" desc="()V" line="11"><counter type="INSTRUCTION" missed="3" covered="0"/><counter type="LINE" missed="1" covered="0"/><counter type="COMPLEXITY" missed="1" covered="0"/><counter type="METHOD" missed="1" covered="0"/></method><counter type="INSTRUCTION" missed="3" covered="0"/><counter type="LINE" missed="1" covered="0"/><counter type="COMPLEXITY" missed="1" covered="0"/><counter type="METHOD" missed="1" covered="0"/><counter type="CLASS" missed="1" covered="0"/></class><sourcefile name="WebAppInitializer.java"><line nr="16" mi="3" ci="0" mb="0" cb="0"/><line nr="20" mi="19" ci="0" mb="0" cb="0"/><line nr="26" mi="7" ci="0" mb="0" cb="0"/><line nr="31" mi="7" ci="0" mb="0" cb="0"/><counter type="INSTRUCTION" missed="36" covered="0"/><counter type="LINE" missed="4" covered="0"/><counter type="COMPLEXITY" missed="4" covered="0"/><counter type="METHOD" missed="4" covered="0"/><counter type="CLASS" missed="1" covered="0"/></sourcefile><sourcefile name="SecurityWebApplicationInitializer.java"><line nr="11" mi="3" ci="0" mb="0" cb="0"/><counter type="INSTRUCTION" missed="3" covered="0"/><counter type="LINE" missed="1" covered="0"/><counter type="COMPLEXITY" missed="1" covered="0"/><counter type="METHOD" missed="1" covered="0"/><counter type="CLASS" missed="1" covered="0"/></sourcefile><counter type="INSTRUCTION" missed="39" covered="0"/><counter type="LINE" missed="5" covered="0"/><counter type="COMPLEXITY" missed="5" covered="0"/><counter type="METHOD" missed="5" covered="0"/><counter type="CLASS" missed="2" covered="0"/></package><package name="calories/tracker/app/services"><class name="calories/tracker/app/services/MealService"><method name="&lt;init&gt;" desc="()V" line="30"><counter type="INSTRUCTION" missed="0" covered="3"/><counter type="LINE" missed="0" covered="1"/><counter type="COMPLEXITY" missed="0" covered="1"/><counter type="METHOD" missed="0" covered="1"/></method><method name="findMeals" desc="(Ljava/lang/String;Ljava/util/Date;Ljava/util/Date;Ljava/sql/Time;Ljava/sql/Time;I)Lcalories/tracker/app/model/SearchResult;" line="55"><counter type="INSTRUCTION" missed="13" covered="48"/><counter type="BRANCH" missed="7" covered="7"/><counter type="LINE" missed="1" covered="8"/><counter type="COMPLEXITY" missed="4" covered="4"/><counter type="METHOD" missed="0" covered="1"/></method><method name="deleteMeals" desc="(Ljava/util/List;)V" line="82"><counter type="INSTRUCTION" missed="0" covered="9"/><counter type="LINE" missed="0" covered="3"/><counter type="COMPLEXITY" missed="0" covered="1"/><counter type="METHOD" missed="0" covered="1"/></method><method name="saveMeal" desc="(Ljava/lang/String;Ljava/lang/Long;Ljava/util/Date;Ljava/sql/Time;Ljava/lang/String;Ljava/lang/Long;)Lcalories/tracker/app/model/Meal;" line="102"><counter type="INSTRUCTION" missed="29" covered="77"/><counter type="BRANCH" missed="3" covered="3"/><counter type="LINE" missed="4" covered="18"/><counter type="COMPLEXITY" missed="2" covered="2"/><counter type="METHOD" missed="0" covered="1"/></method><method name="saveMeals" desc="(Ljava/lang/String;Ljava/util/List;)Ljava/util/List;" line="146"><counter type="INSTRUCTION" missed="0" covered="10"/><counter type="LINE" missed="0" covered="3"/><counter type="COMPLEXITY" missed="0" covered="1"/><counter type="METHOD" missed="0" covered="1"/></method><method name="lambda$saveMeals$1" desc="(Ljava/lang/String;Lcalories/tracker/app/dto/MealDTO;)Lcalories/tracker/app/model/Meal;" line="147"><counter type="INSTRUCTION" missed="0" covered="14"/><counter type="LINE" missed="0" covered="6"/><counter type="COMPLEXITY" missed="0" covered="1"/><counter type="METHOD" missed="0" covered="1"/></method><method name="lambda$deleteMeals$0" desc="(Ljava/lang/Long;)V" line="83"><counter type="INSTRUCTION" missed="0" covered="5"/><counter type="LINE" missed="0" covered="1"/><counter type="COMPLEXITY" missed="0" covered="1"/><counter type="METHOD" missed="0" covered="1"/></method><method name="&lt;clinit&gt;" desc="()V" line="32"><counter type="INSTRUCTION" missed="0" covered="4"/><counter type="LINE" missed="0" covered="1"/><counter type="COMPLEXITY" missed="0" covered="1"/><counter type="METHOD" missed="0" covered="1"/></method><counter type="INSTRUCTION" missed="42" covered="170"/><counter type="BRANCH" missed="10" covered="10"/><counter type="LINE" missed="5" covered="39"/><counter type="COMPLEXITY" missed="6" covered="12"/><counter type="METHOD" missed="0" covered="8"/><counter type="CLASS" missed="0" covered="1"/></class><class name="calories/tracker/app/services/UserService"><method name="&lt;init&gt;" desc="()V" line="21"><counter type="INSTRUCTION" missed="0" covered="3"/><counter type="LINE" missed="0" covered="1"/><counter type="COMPLEXITY" missed="0" covered="1"/><counter type="METHOD" missed="0" covered="1"/></method><method name="updateUserMaxCaloriesPerDay" desc="(Ljava/lang/String;Ljava/lang/Long;)V" line="43"><counter type="INSTRUCTION" missed="12" covered="12"/><counter type="BRANCH" missed="1" covered="1"/><counter type="LINE" missed="1" covered="4"/><counter type="COMPLEXITY" missed="1" covered="1"/><counter type="METHOD" missed="0" covered="1"/></method><method name="createUser" desc="(Ljava/lang/String;Ljava/lang/String;Ljava/lang/String;)V" line="63"><counter type="INSTRUCTION" missed="0" covered="48"/><counter type="BRANCH" missed="0" covered="2"/><counter type="LINE" missed="0" covered="11"/><counter type="COMPLEXITY" missed="0" covered="2"/><counter type="METHOD" missed="0" covered="1"/></method><method name="findUserByUsername" desc="(Ljava/lang/String;)Lcalories/tracker/app/model/User;" line="81"><counter type="INSTRUCTION" missed="5" covered="0"/><counter type="LINE" missed="1" covered="0"/><counter type="COMPLEXITY" missed="1" covered="0"/><counter type="METHOD" missed="1" covered="0"/></method><method name="findTodaysCaloriesForUser" desc="(Ljava/lang/String;)Ljava/lang/Long;" line="86"><counter type="INSTRUCTION" missed="5" covered="0"/><counter type="LINE" missed="1" covered="0"/><counter type="COMPLEXITY" missed="1" covered="0"/><counter type="METHOD" missed="1" covered="0"/></method><method name="&lt;clinit&gt;" desc="()V" line="23"><counter type="INSTRUCTION" missed="0" covered="13"/><counter type="LINE" missed="0" covered="4"/><counter type="COMPLEXITY" missed="0" covered="1"/><counter type="METHOD" missed="0" covered="1"/></method><counter type="INSTRUCTION" missed="22" covered="76"/><counter type="BRANCH" missed="1" covered="3"/><counter type="LINE" missed="3" covered="20"/><counter type="COMPLEXITY" missed="3" covered="5"/><counter type="METHOD" missed="2" covered="4"/><counter type="CLASS" missed="0" covered="1"/></class><class name="calories/tracker/app/services/ValidationUtils"><method name="&lt;init&gt;" desc="()V" line="16"><counter type="INSTRUCTION" missed="7" covered="0"/><counter type="LINE" missed="2" covered="0"/><counter type="COMPLEXITY" missed="1" covered="0"/><counter type="METHOD" missed="1" covered="0"/></method><method name="assertNotBlank" desc="(Ljava/lang/String;Ljava/lang/String;)V" line="21"><counter type="INSTRUCTION" missed="0" covered="9"/><counter type="BRANCH" missed="0" covered="2"/><counter type="LINE" missed="0" covered="3"/><counter type="COMPLEXITY" missed="0" covered="2"/><counter type="METHOD" missed="0" covered="1"/></method><method name="assertMinimumLength" desc="(Ljava/lang/String;ILjava/lang/String;)V" line="27"><counter type="INSTRUCTION" missed="0" covered="10"/><counter type="BRANCH" missed="0" covered="2"/><counter type="LINE" missed="0" covered="3"/><counter type="COMPLEXITY" missed="0" covered="2"/><counter type="METHOD" missed="0" covered="1"/></method><method name="assertMatches" desc="(Ljava/lang/String;Ljava/util/regex/Pattern;Ljava/lang/String;)V" line="33"><counter type="INSTRUCTION" missed="0" covered="11"/><counter type="BRANCH" missed="0" covered="2"/><counter type="LINE" missed="0" covered="3"/><counter type="COMPLEXITY" missed="0" covered="2"/><counter type="METHOD" missed="0" covered="1"/></method><method name="assertNotEquals" desc="(Ljava/lang/String;Ljava/lang/String;Ljava/lang/String;)V" line="39"><counter type="INSTRUCTION" missed="5" covered="21"/><counter type="BRANCH" missed="3" covered="3"/><counter type="LINE" missed="1" covered="4"/><counter type="COMPLEXITY" missed="3" covered="1"/><counter type="METHOD" missed="0" covered="1"/></method><counter type="INSTRUCTION" missed="12" covered="51"/><counter type="BRANCH" missed="3" covered="9"/><counter type="LINE" missed="3" covered="13"/><counter type="COMPLEXITY" missed="4" covered="7"/><counter type="METHOD" missed="1" covered="4"/><counter type="CLASS" missed="0" covered="1"/></class><sourcefile name="MealService.java"><line nr="30" mi="0" ci="3" mb="0" cb="0"/><line nr="32" mi="0" ci="4" mb="0" cb="0"/><line nr="55" mi="0" ci="4" mb="0" cb="4"/><line nr="56" mi="0" ci="5" mb="0" cb="0"/><line nr="59" mi="0" ci="4" mb="0" cb="2"/><line nr="60" mi="0" ci="5" mb="0" cb="0"/><line nr="63" mi="8" ci="4" mb="7" cb="1"/><line nr="64" mi="5" ci="0" mb="0" cb="0"/><line nr="67" mi="0" ci="9" mb="0" cb="0"/><line nr="69" mi="0" ci="10" mb="0" cb="0"/><line nr="71" mi="0" ci="7" mb="0" cb="0"/><line nr="82" mi="0" ci="3" mb="0" cb="0"/><line nr="83" mi="0" ci="10" mb="0" cb="0"/><line nr="84" mi="0" ci="1" mb="0" cb="0"/><line nr="102" mi="0" ci="3" mb="0" cb="0"/><line nr="103" mi="0" ci="3" mb="0" cb="0"/><line nr="104" mi="0" ci="3" mb="0" cb="0"/><line nr="105" mi="0" ci="3" mb="0" cb="0"/><line nr="106" mi="0" ci="3" mb="0" cb="0"/><line nr="108" mi="0" ci="12" mb="0" cb="0"/><line nr="110" mi="0" ci="10" mb="0" cb="0"/><line nr="111" mi="0" ci="10" mb="0" cb="2"/><line nr="112" mi="0" ci="5" mb="0" cb="0"/><line nr="113" mi="0" ci="1" mb="0" cb="0"/><line nr="115" mi="0" ci="2" mb="0" cb="0"/><line nr="117" mi="0" ci="2" mb="1" cb="1"/><line nr="118" mi="0" ci="5" mb="0" cb="0"/><line nr="120" mi="0" ci="3" mb="0" cb="0"/><line nr="121" mi="0" ci="3" mb="0" cb="0"/><line nr="122" mi="0" ci="3" mb="0" cb="0"/><line nr="123" mi="0" ci="4" mb="0" cb="0"/><line nr="125" mi="5" ci="0" mb="0" cb="0"/><line nr="127" mi="2" ci="0" mb="2" cb="0"/><line nr="128" mi="12" ci="0" mb="0" cb="0"/><line nr="129" mi="10" ci="0" mb="0" cb="0"/><line nr="133" mi="0" ci="2" mb="0" cb="0"/><line nr="146" mi="0" ci="5" mb="0" cb="0"/><line nr="147" mi="0" ci="6" mb="0" cb="0"/><line nr="149" mi="0" ci="2" mb="0" cb="0"/><line nr="150" mi="0" ci="2" mb="0" cb="0"/><line nr="151" mi="0" ci="2" mb="0" cb="0"/><line nr="152" mi="0" ci="2" mb="0" cb="0"/><line nr="153" mi="0" ci="1" mb="0" cb="0"/><line nr="154" mi="0" ci="4" mb="0" cb="0"/><counter type="INSTRUCTION" missed="42" covered="170"/><counter type="BRANCH" missed="10" covered="10"/><counter type="LINE" missed="5" covered="39"/><counter type="COMPLEXITY" missed="6" covered="12"/><counter type="METHOD" missed="0" covered="8"/><counter type="CLASS" missed="0" covered="1"/></sourcefile><sourcefile name="UserService.java"><line nr="21" mi="0" ci="3" mb="0" cb="0"/><line nr="23" mi="0" ci="3" mb="0" cb="0"/><line nr="24" mi="0" ci="3" mb="0" cb="0"/><line nr="26" mi="0" ci="3" mb="0" cb="0"/><line nr="28" mi="0" ci="4" mb="0" cb="0"/><line nr="43" mi="0" ci="5" mb="0" cb="0"/><line nr="45" mi="0" ci="2" mb="1" cb="1"/><line nr="46" mi="0" ci="4" mb="0" cb="0"/><line nr="48" mi="12" ci="0" mb="0" cb="0"/><line nr="50" mi="0" ci="1" mb="0" cb="0"/><line nr="63" mi="0" ci="3" mb="0" cb="0"/><line nr="64" mi="0" ci="4" mb="0" cb="0"/><line nr="65" mi="0" ci="3" mb="0" cb="0"/><line nr="66" mi="0" ci="4" mb="0" cb="0"/><line nr="67" mi="0" ci="3" mb="0" cb="0"/><line nr="68" mi="0" ci="4" mb="0" cb="0"/><line nr="70" mi="0" ci="5" mb="0" cb="2"/><line nr="71" mi="0" ci="5" mb="0" cb="0"/><line nr="74" mi="0" ci="12" mb="0" cb="0"/><line nr="76" mi="0" ci="4" mb="0" cb="0"/><line nr="77" mi="0" ci="1" mb="0" cb="0"/><line nr="81" mi="5" ci="0" mb="0" cb="0"/><line nr="86" mi="5" ci="0" mb="0" cb="0"/><counter type="INSTRUCTION" missed="22" covered="76"/><counter type="BRANCH" missed="1" covered="3"/><counter type="LINE" missed="3" covered="20"/><counter type="COMPLEXITY" missed="3" covered="5"/><counter type="METHOD" missed="2" covered="4"/><counter type="CLASS" missed="0" covered="1"/></sourcefile><sourcefile name="ValidationUtils.java"><line nr="16" mi="2" ci="0" mb="0" cb="0"/><line nr="17" mi="5" ci="0" mb="0" cb="0"/><line nr="21" mi="0" ci="3" mb="0" cb="2"/><line nr="22" mi="0" ci="5" mb="0" cb="0"/><line nr="24" mi="0" ci="1" mb="0" cb="0"/><line nr="27" mi="0" ci="4" mb="0" cb="2"/><line nr="28" mi="0" ci="5" mb="0" cb="0"/><line nr="30" mi="0" ci="1" mb="0" cb="0"/><line nr="33" mi="0" ci="5" mb="0" cb="2"/><line nr="34" mi="0" ci="5" mb="0" cb="0"/><line nr="36" mi="0" ci="1" mb="0" cb="0"/><line nr="39" mi="0" ci="14" mb="1" cb="1"/><line nr="40" mi="0" ci="4" mb="1" cb="1"/><line nr="41" mi="0" ci="2" mb="1" cb="1"/><line nr="42" mi="5" ci="0" mb="0" cb="0"/><line nr="44" mi="0" ci="1" mb="0" cb="0"/><counter type="INSTRUCTION" missed="12" covered="51"/><counter type="BRANCH" missed="3" covered="9"/><counter type="LINE" missed="3" covered="13"/><counter type="COMPLEXITY" missed="4" covered="7"/><counter type="METHOD" missed="1" covered="4"/><counter type="CLASS" missed="0" covered="1"/></sourcefile><counter type="INSTRUCTION" missed="76" covered="297"/><counter type="BRANCH" missed="14" covered="22"/><counter type="LINE" missed="11" covered="72"/><counter type="COMPLEXITY" missed="13" covered="24"/><counter type="METHOD" missed="3" covered="16"/><counter type="CLASS" missed="0" covered="3"/></package><package name="calories/tracker/app/init"><class name="calories/tracker/app/init/TestDataInitializer"><method name="&lt;init&gt;" desc="()V" line="24"><counter type="INSTRUCTION" missed="0" covered="3"/><counter type="LINE" missed="0" covered="1"/><counter type="COMPLEXITY" missed="0" covered="1"/><counter type="METHOD" missed="0" covered="1"/></method><method name="init" desc="()V" line="32"><counter type="INSTRUCTION" missed="0" covered="391"/><counter type="LINE" missed="0" covered="25"/><counter type="COMPLEXITY" missed="0" covered="1"/><counter type="METHOD" missed="0" covered="1"/></method><counter type="INSTRUCTION" missed="0" covered="394"/><counter type="LINE" missed="0" covered="26"/><counter type="COMPLEXITY" missed="0" covered="2"/><counter type="METHOD" missed="0" covered="2"/><counter type="CLASS" missed="0" covered="1"/></class><sourcefile name="TestDataInitializer.java"><line nr="24" mi="0" ci="3" mb="0" cb="0"/><line nr="32" mi="0" ci="4" mb="0" cb="0"/><line nr="34" mi="0" ci="6" mb="0" cb="0"/><line nr="36" mi="0" ci="3" mb="0" cb="0"/><line nr="37" mi="0" ci="3" mb="0" cb="0"/><line nr="39" mi="0" ci="9" mb="0" cb="0"/><line nr="41" mi="0" ci="3" mb="0" cb="0"/><line nr="43" mi="0" ci="21" mb="0" cb="0"/><line nr="44" mi="0" ci="21" mb="0" cb="0"/><line nr="45" mi="0" ci="21" mb="0" cb="0"/><line nr="46" mi="0" ci="21" mb="0" cb="0"/><line nr="47" mi="0" ci="21" mb="0" cb="0"/><line nr="48" mi="0" ci="21" mb="0" cb="0"/><line nr="49" mi="0" ci="21" mb="0" cb="0"/><line nr="50" mi="0" ci="21" mb="0" cb="0"/><line nr="51" mi="0" ci="21" mb="0" cb="0"/><line nr="52" mi="0" ci="21" mb="0" cb="0"/><line nr="53" mi="0" ci="21" mb="0" cb="0"/><line nr="54" mi="0" ci="21" mb="0" cb="0"/><line nr="55" mi="0" ci="21" mb="0" cb="0"/><line nr="56" mi="0" ci="21" mb="0" cb="0"/><line nr="57" mi="0" ci="21" mb="0" cb="0"/><line nr="58" mi="0" ci="21" mb="0" cb="0"/><line nr="59" mi="0" ci="24" mb="0" cb="0"/><line nr="60" mi="0" ci="2" mb="0" cb="0"/><line nr="61" mi="0" ci="1" mb="0" cb="0"/><counter type="INSTRUCTION" missed="0" covered="394"/><counter type="LINE" missed="0" covered="26"/><counter type="COMPLEXITY" missed="0" covered="2"/><counter type="METHOD" missed="0" covered="2"/><counter type="CLASS" missed="0" covered="1"/></sourcefile><counter type="INSTRUCTION" missed="0" covered="394"/><counter type="LINE" missed="0" covered="26"/><counter type="COMPLEXITY" missed="0" covered="2"/><counter type="METHOD" missed="0" covered="2"/><counter type="CLASS" missed="0" covered="1"/></package><counter type="INSTRUCTION" missed="664" covered="1496"/><counter type="BRANCH" missed="50" covered="36"/><counter type="LINE" missed="142" covered="315"/><counter type="COMPLEXITY" missed="79" covered="113"/><counter type="METHOD" missed="46" covered="103"/><counter type="CLASS" missed="7" covered="21"/></report>